<?xml version="1.0" encoding="UTF-8" standalone="no"?>
<!DOCTYPE log SYSTEM "logger.dtd">
<log>
<record>
  <date>2018-04-05T10:42:17</date>
  <millis>1522899737055</millis>
  <sequence>0</sequence>
  <level>START</level>
  <class>com.kms.katalon.core.logging.KeywordLogger</class>
  <method>startSuite</method>
  <thread>1</thread>
  <message>Start Test Suite : Test Suites/addOpenSchedule</message>
  <nestedLevel>0</nestedLevel>
  <property name="name">addOpenSchedule</property>
  <property name="description"></property>
  <property name="id">Test Suites/addOpenSchedule</property>
</record>
<record>
  <date>2018-04-05T10:42:17</date>
  <millis>1522899737085</millis>
  <sequence>1</sequence>
  <level>RUN_DATA</level>
  <class>com.kms.katalon.core.logging.KeywordLogger</class>
  <method>logMessage</method>
  <thread>1</thread>
  <message>Logging run data &amp;apos;hostName&amp;apos; with value &amp;apos;PG-Adul - PG-Adul.mshome.net&amp;apos;</message>
  <nestedLevel>0</nestedLevel>
  <property name="hostName">PG-Adul - PG-Adul.mshome.net</property>
</record>
<record>
  <date>2018-04-05T10:42:17</date>
  <millis>1522899737087</millis>
  <sequence>2</sequence>
  <level>RUN_DATA</level>
  <class>com.kms.katalon.core.logging.KeywordLogger</class>
  <method>logMessage</method>
  <thread>1</thread>
  <message>Logging run data &amp;apos;os&amp;apos; with value &amp;apos;Windows 10 64bit&amp;apos;</message>
  <nestedLevel>0</nestedLevel>
  <property name="os">Windows 10 64bit</property>
</record>
<record>
  <date>2018-04-05T10:42:17</date>
  <millis>1522899737088</millis>
  <sequence>3</sequence>
  <level>RUN_DATA</level>
  <class>com.kms.katalon.core.logging.KeywordLogger</class>
  <method>logMessage</method>
  <thread>1</thread>
  <message>Logging run data &amp;apos;hostAddress&amp;apos; with value &amp;apos;172.27.98.17&amp;apos;</message>
  <nestedLevel>0</nestedLevel>
  <property name="hostAddress">172.27.98.17</property>
</record>
<record>
  <date>2018-04-05T10:42:17</date>
  <millis>1522899737090</millis>
  <sequence>4</sequence>
  <level>RUN_DATA</level>
  <class>com.kms.katalon.core.logging.KeywordLogger</class>
  <method>logMessage</method>
  <thread>1</thread>
  <message>Logging run data &amp;apos;katalonVersion&amp;apos; with value &amp;apos;5.3.1.1&amp;apos;</message>
  <nestedLevel>0</nestedLevel>
  <property name="katalonVersion">5.3.1.1</property>
</record>
<record>
  <date>2018-04-05T10:42:17</date>
  <millis>1522899737275</millis>
  <sequence>5</sequence>
  <level>START</level>
  <class>com.kms.katalon.core.logging.KeywordLogger</class>
  <method>startKeyword</method>
  <thread>1</thread>
  <message>Start listener action : sampleBeforeTestSuite</message>
  <nestedLevel>0</nestedLevel>
</record>
<record>
  <date>2018-04-05T10:42:17</date>
  <millis>1522899737277</millis>
  <sequence>6</sequence>
  <level>INFO</level>
  <class>com.kms.katalon.core.logging.KeywordLogger</class>
  <method>logMessage</method>
  <thread>1</thread>
  <message>Starting invoke &amp;apos;com.kms.katalon.core.annotation.BeforeTestSuite&amp;apos; method: &amp;apos;NewTestListener.sampleBeforeTestSuite(...)&amp;apos;</message>
  <nestedLevel>0</nestedLevel>
</record>
<record>
  <date>2018-04-05T10:42:17</date>
  <millis>1522899737293</millis>
  <sequence>7</sequence>
  <level>START</level>
  <class>com.kms.katalon.core.logging.KeywordLogger</class>
  <method>startKeyword</method>
  <thread>1</thread>
  <message>Start action : Statement - wb = new org.apache.poi.xssf.usermodel.XSSFWorkbook()</message>
  <nestedLevel>1</nestedLevel>
  <property name="startLine">41</property>
  <property name="stepIndex">1</property>
</record>
<record>
  <date>2018-04-05T10:42:17</date>
  <millis>1522899737742</millis>
  <sequence>8</sequence>
  <level>END</level>
  <class>com.kms.katalon.core.logging.KeywordLogger</class>
  <method>endKeyword</method>
  <thread>1</thread>
  <message>End action : Statement - wb = new org.apache.poi.xssf.usermodel.XSSFWorkbook()</message>
  <nestedLevel>1</nestedLevel>
</record>
<record>
  <date>2018-04-05T10:42:17</date>
  <millis>1522899737743</millis>
  <sequence>9</sequence>
  <level>START</level>
  <class>com.kms.katalon.core.logging.KeywordLogger</class>
  <method>startKeyword</method>
  <thread>1</thread>
  <message>Start action : Statement - sheetName = testSuiteContext.getTestSuiteId().split(\&amp;quot;/\&amp;quot;)[1]</message>
  <nestedLevel>1</nestedLevel>
  <property name="startLine">42</property>
  <property name="stepIndex">2</property>
</record>
<record>
  <date>2018-04-05T10:42:17</date>
  <millis>1522899737753</millis>
  <sequence>10</sequence>
  <level>END</level>
  <class>com.kms.katalon.core.logging.KeywordLogger</class>
  <method>endKeyword</method>
  <thread>1</thread>
  <message>End action : Statement - sheetName = testSuiteContext.getTestSuiteId().split(\&amp;quot;/\&amp;quot;)[1]</message>
  <nestedLevel>1</nestedLevel>
</record>
<record>
  <date>2018-04-05T10:42:17</date>
  <millis>1522899737753</millis>
  <sequence>11</sequence>
  <level>START</level>
  <class>com.kms.katalon.core.logging.KeywordLogger</class>
  <method>startKeyword</method>
  <thread>1</thread>
  <message>Start action : Statement - com.cct.util.exportExcel.craeteFolder(testSuiteContext.getTestSuiteId())</message>
  <nestedLevel>1</nestedLevel>
  <property name="startLine">43</property>
  <property name="stepIndex">3</property>
</record>
<record>
  <date>2018-04-05T10:42:17</date>
  <millis>1522899737768</millis>
  <sequence>12</sequence>
  <level>END</level>
  <class>com.kms.katalon.core.logging.KeywordLogger</class>
  <method>endKeyword</method>
  <thread>1</thread>
  <message>End action : Statement - com.cct.util.exportExcel.craeteFolder(testSuiteContext.getTestSuiteId())</message>
  <nestedLevel>1</nestedLevel>
</record>
<record>
  <date>2018-04-05T10:42:17</date>
  <millis>1522899737769</millis>
  <sequence>13</sequence>
  <level>START</level>
  <class>com.kms.katalon.core.logging.KeywordLogger</class>
  <method>startKeyword</method>
  <thread>1</thread>
  <message>Start action : Statement - rowIndex = com.cct.util.exportExcel.createHeader(wb, rowIndex, sheetName)</message>
  <nestedLevel>1</nestedLevel>
  <property name="startLine">44</property>
  <property name="stepIndex">4</property>
</record>
<record>
  <date>2018-04-05T10:42:18</date>
  <millis>1522899738063</millis>
  <sequence>14</sequence>
  <level>INFO</level>
  <class>com.kms.katalon.core.logging.KeywordLogger</class>
  <method>logMessage</method>
  <thread>1</thread>
  <message>Invoke &amp;apos;com.kms.katalon.core.annotation.BeforeTestSuite&amp;apos; method: &amp;apos;NewTestListener.sampleBeforeTestSuite(...)&amp;apos; completed.</message>
  <nestedLevel>0</nestedLevel>
</record>
<record>
  <date>2018-04-05T10:42:18</date>
  <millis>1522899738064</millis>
  <sequence>15</sequence>
  <level>END</level>
  <class>com.kms.katalon.core.logging.KeywordLogger</class>
  <method>endKeyword</method>
  <thread>1</thread>
  <message>End action : Statement - rowIndex = com.cct.util.exportExcel.createHeader(wb, rowIndex, sheetName)</message>
  <nestedLevel>1</nestedLevel>
</record>
<record>
  <date>2018-04-05T10:42:18</date>
  <millis>1522899738070</millis>
  <sequence>16</sequence>
  <level>END</level>
  <class>com.kms.katalon.core.logging.KeywordLogger</class>
  <method>endKeyword</method>
  <thread>1</thread>
  <message>End listener action : sampleBeforeTestSuite</message>
  <nestedLevel>0</nestedLevel>
</record>
<record>
  <date>2018-04-05T10:42:18</date>
  <millis>1522899738215</millis>
  <sequence>17</sequence>
  <level>START</level>
  <class>com.kms.katalon.core.logging.KeywordLogger</class>
  <method>startTest</method>
  <thread>1</thread>
  <message>Start Test Case : Test Cases/com/cct/serviceschedule/openschedule/add/FlightNumberLength</message>
  <nestedLevel>1</nestedLevel>
  <property name="name">Test Cases/com/cct/serviceschedule/openschedule/add/FlightNumberLength</property>
  <property name="description"></property>
  <property name="id">Test Cases/com/cct/serviceschedule/openschedule/add/FlightNumberLength</property>
  <property name="source">D:\\Demo\\Katalon-Demo\\Test Cases\\com\\cct\\serviceschedule\\openschedule\\add\\FlightNumberLength.tc</property>
  <property name="isOptional">false</property>
</record>
<record>
  <date>2018-04-05T10:42:18</date>
  <millis>1522899738242</millis>
  <sequence>18</sequence>
  <level>INFO</level>
  <class>com.kms.katalon.core.logging.KeywordLogger</class>
  <method>logMessage</method>
  <thread>1</thread>
  <message>Evaluating variables for test case</message>
  <nestedLevel>1</nestedLevel>
</record>
<record>
  <date>2018-04-05T10:42:18</date>
  <millis>1522899738245</millis>
  <sequence>19</sequence>
  <level>INFO</level>
  <class>com.kms.katalon.core.logging.KeywordLogger</class>
  <method>logMessage</method>
  <thread>1</thread>
  <message>Variable &amp;apos;flightNumber&amp;apos; is set to A1234Aaa</message>
  <nestedLevel>1</nestedLevel>
</record>
<record>
  <date>2018-04-05T10:42:18</date>
  <millis>1522899738246</millis>
  <sequence>20</sequence>
  <level>INFO</level>
  <class>com.kms.katalon.core.logging.KeywordLogger</class>
  <method>logMessage</method>
  <thread>1</thread>
  <message>Variable &amp;apos;depPort&amp;apos; is set to </message>
  <nestedLevel>1</nestedLevel>
</record>
<record>
  <date>2018-04-05T10:42:18</date>
  <millis>1522899738247</millis>
  <sequence>21</sequence>
  <level>INFO</level>
  <class>com.kms.katalon.core.logging.KeywordLogger</class>
  <method>logMessage</method>
  <thread>1</thread>
  <message>Variable &amp;apos;arrPort&amp;apos; is set to </message>
  <nestedLevel>1</nestedLevel>
</record>
<record>
  <date>2018-04-05T10:42:18</date>
  <millis>1522899738248</millis>
  <sequence>22</sequence>
  <level>INFO</level>
  <class>com.kms.katalon.core.logging.KeywordLogger</class>
  <method>logMessage</method>
  <thread>1</thread>
  <message>Variable &amp;apos;depDate&amp;apos; is set to </message>
  <nestedLevel>1</nestedLevel>
</record>
<record>
  <date>2018-04-05T10:42:18</date>
  <millis>1522899738249</millis>
  <sequence>23</sequence>
  <level>INFO</level>
  <class>com.kms.katalon.core.logging.KeywordLogger</class>
  <method>logMessage</method>
  <thread>1</thread>
  <message>Variable &amp;apos;arrDate&amp;apos; is set to </message>
  <nestedLevel>1</nestedLevel>
</record>
<record>
  <date>2018-04-05T10:42:18</date>
  <millis>1522899738250</millis>
  <sequence>24</sequence>
  <level>INFO</level>
  <class>com.kms.katalon.core.logging.KeywordLogger</class>
  <method>logMessage</method>
  <thread>1</thread>
  <message>Variable &amp;apos;depTime&amp;apos; is set to </message>
  <nestedLevel>1</nestedLevel>
</record>
<record>
  <date>2018-04-05T10:42:18</date>
  <millis>1522899738251</millis>
  <sequence>25</sequence>
  <level>INFO</level>
  <class>com.kms.katalon.core.logging.KeywordLogger</class>
  <method>logMessage</method>
  <thread>1</thread>
  <message>Variable &amp;apos;arrTime&amp;apos; is set to </message>
  <nestedLevel>1</nestedLevel>
</record>
<record>
  <date>2018-04-05T10:42:18</date>
  <millis>1522899738253</millis>
  <sequence>26</sequence>
  <level>INFO</level>
  <class>com.kms.katalon.core.logging.KeywordLogger</class>
  <method>logMessage</method>
  <thread>1</thread>
  <message>Variable &amp;apos;result&amp;apos; is set to </message>
  <nestedLevel>1</nestedLevel>
</record>
<record>
  <date>2018-04-05T10:42:18</date>
  <millis>1522899738253</millis>
  <sequence>27</sequence>
  <level>INFO</level>
  <class>com.kms.katalon.core.logging.KeywordLogger</class>
  <method>logMessage</method>
  <thread>1</thread>
  <message>Variable &amp;apos;id&amp;apos; is set to </message>
  <nestedLevel>1</nestedLevel>
</record>
<record>
  <date>2018-04-05T10:42:18</date>
  <millis>1522899738256</millis>
  <sequence>28</sequence>
  <level>START</level>
  <class>com.kms.katalon.core.logging.KeywordLogger</class>
  <method>startKeyword</method>
  <thread>1</thread>
  <message>Start listener action : sampleBeforeTestCase</message>
  <nestedLevel>1</nestedLevel>
</record>
<record>
  <date>2018-04-05T10:42:18</date>
  <millis>1522899738257</millis>
  <sequence>29</sequence>
  <level>INFO</level>
  <class>com.kms.katalon.core.logging.KeywordLogger</class>
  <method>logMessage</method>
  <thread>1</thread>
  <message>Starting invoke &amp;apos;com.kms.katalon.core.annotation.BeforeTestCase&amp;apos; method: &amp;apos;NewTestListener.sampleBeforeTestCase(...)&amp;apos;</message>
  <nestedLevel>1</nestedLevel>
</record>
<record>
  <date>2018-04-05T10:42:18</date>
  <millis>1522899738258</millis>
  <sequence>30</sequence>
  <level>INFO</level>
  <class>com.kms.katalon.core.logging.KeywordLogger</class>
  <method>logMessage</method>
  <thread>1</thread>
  <message>Invoke &amp;apos;com.kms.katalon.core.annotation.BeforeTestCase&amp;apos; method: &amp;apos;NewTestListener.sampleBeforeTestCase(...)&amp;apos; completed.</message>
  <nestedLevel>1</nestedLevel>
</record>
<record>
  <date>2018-04-05T10:42:18</date>
  <millis>1522899738260</millis>
  <sequence>31</sequence>
  <level>END</level>
  <class>com.kms.katalon.core.logging.KeywordLogger</class>
  <method>endKeyword</method>
  <thread>1</thread>
  <message>End listener action : sampleBeforeTestCase</message>
  <nestedLevel>1</nestedLevel>
</record>
<record>
  <date>2018-04-05T10:42:18</date>
  <millis>1522899738453</millis>
  <sequence>32</sequence>
  <level>START</level>
  <class>com.kms.katalon.core.logging.KeywordLogger</class>
  <method>startKeyword</method>
  <thread>1</thread>
  <message>Start action : com.cct.common.security.login.Login.loginDefault</message>
  <nestedLevel>1</nestedLevel>
  <property name="startLine">22</property>
  <property name="stepIndex">1</property>
</record>
<record>
  <date>2018-04-05T10:42:18</date>
  <millis>1522899738773</millis>
  <sequence>33</sequence>
  <level>INFO</level>
  <class>com.kms.katalon.core.logging.KeywordLogger</class>
  <method>logMessage</method>
  <thread>1</thread>
  <message>Opening browser</message>
  <nestedLevel>1</nestedLevel>
</record>
<record>
  <date>2018-04-05T10:42:18</date>
  <millis>1522899738782</millis>
  <sequence>34</sequence>
  <level>INFO</level>
  <class>com.kms.katalon.core.logging.KeywordLogger</class>
  <method>logMessage</method>
  <thread>1</thread>
  <message>Starting &amp;apos;Firefox&amp;apos; driver</message>
  <nestedLevel>1</nestedLevel>
</record>
<record>
  <date>2018-04-05T10:42:18</date>
  <millis>1522899738852</millis>
  <sequence>35</sequence>
  <level>INFO</level>
  <class>com.kms.katalon.core.logging.KeywordLogger</class>
  <method>logMessage</method>
  <thread>1</thread>
  <message>Action delay is set to 0 seconds</message>
  <nestedLevel>1</nestedLevel>
</record>
<record>
  <date>2018-04-05T10:42:24</date>
  <millis>1522899744014</millis>
  <sequence>37</sequence>
  <level>RUN_DATA</level>
  <class>com.kms.katalon.core.logging.KeywordLogger</class>
  <method>logMessage</method>
  <thread>1</thread>
  <message>Logging run data &amp;apos;sessionId&amp;apos; with value &amp;apos;550c6f47-a449-4258-916c-7a3d29d749f6&amp;apos;</message>
  <nestedLevel>1</nestedLevel>
  <property name="sessionId">550c6f47-a449-4258-916c-7a3d29d749f6</property>
</record>
<record>
  <date>2018-04-05T10:42:24</date>
  <millis>1522899744031</millis>
  <sequence>38</sequence>
  <level>RUN_DATA</level>
  <class>com.kms.katalon.core.logging.KeywordLogger</class>
  <method>logMessage</method>
  <thread>1</thread>
  <message>Logging run data &amp;apos;browser&amp;apos; with value &amp;apos;Firefox 58.0&amp;apos;</message>
  <nestedLevel>1</nestedLevel>
  <property name="browser">Firefox 58.0</property>
</record>
<record>
  <date>2018-04-05T10:42:24</date>
  <millis>1522899744032</millis>
  <sequence>39</sequence>
  <level>RUN_DATA</level>
  <class>com.kms.katalon.core.logging.KeywordLogger</class>
  <method>logMessage</method>
  <thread>1</thread>
  <message>Logging run data &amp;apos;platform&amp;apos; with value &amp;apos;Windows 10&amp;apos;</message>
  <nestedLevel>1</nestedLevel>
  <property name="platform">Windows 10</property>
</record>
<record>
  <date>2018-04-05T10:42:24</date>
  <millis>1522899744035</millis>
  <sequence>40</sequence>
  <level>RUN_DATA</level>
  <class>com.kms.katalon.core.logging.KeywordLogger</class>
  <method>logMessage</method>
  <thread>1</thread>
  <message>Logging run data &amp;apos;seleniumVersion&amp;apos; with value &amp;apos;3.7.1&amp;apos;</message>
  <nestedLevel>1</nestedLevel>
  <property name="seleniumVersion">3.7.1</property>
</record>
<record>
  <date>2018-04-05T10:42:24</date>
  <millis>1522899744036</millis>
  <sequence>41</sequence>
  <level>RUN_DATA</level>
  <class>com.kms.katalon.core.logging.KeywordLogger</class>
  <method>logMessage</method>
  <thread>1</thread>
  <message>Logging run data &amp;apos;proxyInformation&amp;apos; with value &amp;apos;ProxyInformation{proxyOption=NO_PROXY, proxyServerType=HTTP, password=, proxyServerAddress=, proxyServerPort=0}&amp;apos;</message>
  <nestedLevel>1</nestedLevel>
  <property name="proxyInformation">ProxyInformation{proxyOption=NO_PROXY, proxyServerType=HTTP, password=, proxyServerAddress=, proxyServerPort=0}</property>
</record>
<record>
  <date>2018-04-05T10:42:24</date>
  <millis>1522899744038</millis>
  <sequence>42</sequence>
  <level>INFO</level>
  <class>com.kms.katalon.core.logging.KeywordLogger</class>
  <method>logMessage</method>
  <thread>1</thread>
  <message>Navigating browser to: &amp;apos;http://10.100.70.87:8080/cp_cambodia/jsp/security/initLogin.action&amp;apos;</message>
  <nestedLevel>1</nestedLevel>
</record>
<record>
  <date>2018-04-05T10:42:24</date>
  <millis>1522899744818</millis>
  <sequence>43</sequence>
  <level>PASSED</level>
  <class>com.kms.katalon.core.logging.KeywordLogger</class>
  <method>logMessage</method>
  <thread>1</thread>
  <message>Browser is opened with url: &amp;apos;http://10.100.70.87:8080/cp_cambodia/jsp/security/initLogin.action&amp;apos;</message>
  <nestedLevel>1</nestedLevel>
</record>
<record>
  <date>2018-04-05T10:42:24</date>
  <millis>1522899744838</millis>
  <sequence>44</sequence>
  <level>INFO</level>
  <class>com.kms.katalon.core.logging.KeywordLogger</class>
  <method>logMessage</method>
  <thread>1</thread>
  <message>Checking timeout</message>
  <nestedLevel>1</nestedLevel>
</record>
<record>
  <date>2018-04-05T10:42:24</date>
  <millis>1522899744980</millis>
  <sequence>45</sequence>
  <level>PASSED</level>
  <class>com.kms.katalon.core.logging.KeywordLogger</class>
  <method>logMessage</method>
  <thread>1</thread>
  <message>Wait for page load successfully</message>
  <nestedLevel>1</nestedLevel>
</record>
<record>
  <date>2018-04-05T10:42:24</date>
  <millis>1522899744990</millis>
  <sequence>46</sequence>
  <level>INFO</level>
  <class>com.kms.katalon.core.logging.KeywordLogger</class>
  <method>logMessage</method>
  <thread>1</thread>
  <message>Maximizing current window</message>
  <nestedLevel>1</nestedLevel>
</record>
<record>
  <date>2018-04-05T10:42:28</date>
  <millis>1522899748525</millis>
  <sequence>47</sequence>
  <level>PASSED</level>
  <class>com.kms.katalon.core.logging.KeywordLogger</class>
  <method>logMessage</method>
  <thread>1</thread>
  <message>Current window maximized</message>
  <nestedLevel>1</nestedLevel>
</record>
<record>
  <date>2018-04-05T10:42:28</date>
  <millis>1522899748541</millis>
  <sequence>48</sequence>
  <level>INFO</level>
  <class>com.kms.katalon.core.logging.KeywordLogger</class>
  <method>logMessage</method>
  <thread>1</thread>
  <message>Finding Test Object with id &amp;apos;Object Repository/com/cct/security/login/login/input_carrierCode&amp;apos;</message>
  <nestedLevel>1</nestedLevel>
</record>
<record>
  <date>2018-04-05T10:42:28</date>
  <millis>1522899748603</millis>
  <sequence>49</sequence>
  <level>INFO</level>
  <class>com.kms.katalon.core.logging.KeywordLogger</class>
  <method>logMessage</method>
  <thread>1</thread>
  <message>Checking object</message>
  <nestedLevel>1</nestedLevel>
</record>
<record>
  <date>2018-04-05T10:42:28</date>
  <millis>1522899748605</millis>
  <sequence>50</sequence>
  <level>INFO</level>
  <class>com.kms.katalon.core.logging.KeywordLogger</class>
  <method>logMessage</method>
  <thread>1</thread>
  <message>Checking text</message>
  <nestedLevel>1</nestedLevel>
</record>
<record>
  <date>2018-04-05T10:42:28</date>
  <millis>1522899748607</millis>
  <sequence>51</sequence>
  <level>INFO</level>
  <class>com.kms.katalon.core.logging.KeywordLogger</class>
  <method>logMessage</method>
  <thread>1</thread>
  <message>Checking timeout</message>
  <nestedLevel>1</nestedLevel>
</record>
<record>
  <date>2018-04-05T10:42:28</date>
  <millis>1522899748617</millis>
  <sequence>52</sequence>
  <level>INFO</level>
  <class>com.kms.katalon.core.logging.KeywordLogger</class>
  <method>logMessage</method>
  <thread>1</thread>
  <message>Finding web element with id: &amp;apos;Object Repository/com/cct/security/login/login/input_carrierCode&amp;apos; located by &amp;apos;By.xpath: //input[@name = &amp;apos;carrierCode&amp;apos; and @id = &amp;apos;loginForm_carrierCode&amp;apos; and @type = &amp;apos;text&amp;apos;]&amp;apos; in &amp;apos;30&amp;apos; second(s)</message>
  <nestedLevel>1</nestedLevel>
</record>
<record>
  <date>2018-04-05T10:42:28</date>
  <millis>1522899748628</millis>
  <sequence>53</sequence>
  <level>INFO</level>
  <class>com.kms.katalon.core.logging.KeywordLogger</class>
  <method>logMessage</method>
  <thread>1</thread>
  <message>Found 1 web elements with id: &amp;apos;Object Repository/com/cct/security/login/login/input_carrierCode&amp;apos; located by &amp;apos;By.xpath: //input[@name = &amp;apos;carrierCode&amp;apos; and @id = &amp;apos;loginForm_carrierCode&amp;apos; and @type = &amp;apos;text&amp;apos;]&amp;apos; in &amp;apos;30&amp;apos; second(s)</message>
  <nestedLevel>1</nestedLevel>
</record>
<record>
  <date>2018-04-05T10:42:28</date>
  <millis>1522899748628</millis>
  <sequence>54</sequence>
  <level>INFO</level>
  <class>com.kms.katalon.core.logging.KeywordLogger</class>
  <method>logMessage</method>
  <thread>1</thread>
  <message>Clearing text of object &amp;apos;Object Repository/com/cct/security/login/login/input_carrierCode&amp;apos;</message>
  <nestedLevel>1</nestedLevel>
</record>
<record>
  <date>2018-04-05T10:42:28</date>
  <millis>1522899748643</millis>
  <sequence>55</sequence>
  <level>INFO</level>
  <class>com.kms.katalon.core.logging.KeywordLogger</class>
  <method>logMessage</method>
  <thread>1</thread>
  <message>Checking timeout</message>
  <nestedLevel>1</nestedLevel>
</record>
<record>
  <date>2018-04-05T10:42:28</date>
  <millis>1522899748644</millis>
  <sequence>56</sequence>
  <level>INFO</level>
  <class>com.kms.katalon.core.logging.KeywordLogger</class>
  <method>logMessage</method>
  <thread>1</thread>
  <message>Finding web element with id: &amp;apos;Object Repository/com/cct/security/login/login/input_carrierCode&amp;apos; located by &amp;apos;By.xpath: //input[@name = &amp;apos;carrierCode&amp;apos; and @id = &amp;apos;loginForm_carrierCode&amp;apos; and @type = &amp;apos;text&amp;apos;]&amp;apos; in &amp;apos;30&amp;apos; second(s)</message>
  <nestedLevel>1</nestedLevel>
</record>
<record>
  <date>2018-04-05T10:42:28</date>
  <millis>1522899748651</millis>
  <sequence>57</sequence>
  <level>INFO</level>
  <class>com.kms.katalon.core.logging.KeywordLogger</class>
  <method>logMessage</method>
  <thread>1</thread>
  <message>Found 1 web elements with id: &amp;apos;Object Repository/com/cct/security/login/login/input_carrierCode&amp;apos; located by &amp;apos;By.xpath: //input[@name = &amp;apos;carrierCode&amp;apos; and @id = &amp;apos;loginForm_carrierCode&amp;apos; and @type = &amp;apos;text&amp;apos;]&amp;apos; in &amp;apos;30&amp;apos; second(s)</message>
  <nestedLevel>1</nestedLevel>
</record>
<record>
  <date>2018-04-05T10:42:28</date>
  <millis>1522899748658</millis>
  <sequence>58</sequence>
  <level>INFO</level>
  <class>com.kms.katalon.core.logging.KeywordLogger</class>
  <method>logMessage</method>
  <thread>1</thread>
  <message>Setting text of object &amp;apos;Object Repository/com/cct/security/login/login/input_carrierCode&amp;apos; to value &amp;apos;N01&amp;apos;</message>
  <nestedLevel>1</nestedLevel>
</record>
<record>
  <date>2018-04-05T10:42:28</date>
  <millis>1522899748675</millis>
  <sequence>59</sequence>
  <level>PASSED</level>
  <class>com.kms.katalon.core.logging.KeywordLogger</class>
  <method>logMessage</method>
  <thread>1</thread>
  <message>Text &amp;apos;N01&amp;apos; is set on object &amp;apos;Object Repository/com/cct/security/login/login/input_carrierCode&amp;apos;</message>
  <nestedLevel>1</nestedLevel>
</record>
<record>
  <date>2018-04-05T10:42:28</date>
  <millis>1522899748675</millis>
  <sequence>60</sequence>
  <level>INFO</level>
  <class>com.kms.katalon.core.logging.KeywordLogger</class>
  <method>logMessage</method>
  <thread>1</thread>
  <message>Finding Test Object with id &amp;apos;Object Repository/com/cct/security/login/login/input_username&amp;apos;</message>
  <nestedLevel>1</nestedLevel>
</record>
<record>
  <date>2018-04-05T10:42:28</date>
  <millis>1522899748680</millis>
  <sequence>61</sequence>
  <level>INFO</level>
  <class>com.kms.katalon.core.logging.KeywordLogger</class>
  <method>logMessage</method>
  <thread>1</thread>
  <message>Checking object</message>
  <nestedLevel>1</nestedLevel>
</record>
<record>
  <date>2018-04-05T10:42:28</date>
  <millis>1522899748681</millis>
  <sequence>62</sequence>
  <level>INFO</level>
  <class>com.kms.katalon.core.logging.KeywordLogger</class>
  <method>logMessage</method>
  <thread>1</thread>
  <message>Checking text</message>
  <nestedLevel>1</nestedLevel>
</record>
<record>
  <date>2018-04-05T10:42:28</date>
  <millis>1522899748681</millis>
  <sequence>63</sequence>
  <level>INFO</level>
  <class>com.kms.katalon.core.logging.KeywordLogger</class>
  <method>logMessage</method>
  <thread>1</thread>
  <message>Checking timeout</message>
  <nestedLevel>1</nestedLevel>
</record>
<record>
  <date>2018-04-05T10:42:28</date>
  <millis>1522899748682</millis>
  <sequence>64</sequence>
  <level>INFO</level>
  <class>com.kms.katalon.core.logging.KeywordLogger</class>
  <method>logMessage</method>
  <thread>1</thread>
  <message>Finding web element with id: &amp;apos;Object Repository/com/cct/security/login/login/input_username&amp;apos; located by &amp;apos;By.xpath: //input[@name = &amp;apos;username&amp;apos; and @id = &amp;apos;loginForm_username&amp;apos; and @type = &amp;apos;text&amp;apos;]&amp;apos; in &amp;apos;30&amp;apos; second(s)</message>
  <nestedLevel>1</nestedLevel>
</record>
<record>
  <date>2018-04-05T10:42:28</date>
  <millis>1522899748692</millis>
  <sequence>65</sequence>
  <level>INFO</level>
  <class>com.kms.katalon.core.logging.KeywordLogger</class>
  <method>logMessage</method>
  <thread>1</thread>
  <message>Found 1 web elements with id: &amp;apos;Object Repository/com/cct/security/login/login/input_username&amp;apos; located by &amp;apos;By.xpath: //input[@name = &amp;apos;username&amp;apos; and @id = &amp;apos;loginForm_username&amp;apos; and @type = &amp;apos;text&amp;apos;]&amp;apos; in &amp;apos;30&amp;apos; second(s)</message>
  <nestedLevel>1</nestedLevel>
</record>
<record>
  <date>2018-04-05T10:42:28</date>
  <millis>1522899748692</millis>
  <sequence>66</sequence>
  <level>INFO</level>
  <class>com.kms.katalon.core.logging.KeywordLogger</class>
  <method>logMessage</method>
  <thread>1</thread>
  <message>Clearing text of object &amp;apos;Object Repository/com/cct/security/login/login/input_username&amp;apos;</message>
  <nestedLevel>1</nestedLevel>
</record>
<record>
  <date>2018-04-05T10:42:28</date>
  <millis>1522899748704</millis>
  <sequence>67</sequence>
  <level>INFO</level>
  <class>com.kms.katalon.core.logging.KeywordLogger</class>
  <method>logMessage</method>
  <thread>1</thread>
  <message>Checking timeout</message>
  <nestedLevel>1</nestedLevel>
</record>
<record>
  <date>2018-04-05T10:42:28</date>
  <millis>1522899748705</millis>
  <sequence>68</sequence>
  <level>INFO</level>
  <class>com.kms.katalon.core.logging.KeywordLogger</class>
  <method>logMessage</method>
  <thread>1</thread>
  <message>Finding web element with id: &amp;apos;Object Repository/com/cct/security/login/login/input_username&amp;apos; located by &amp;apos;By.xpath: //input[@name = &amp;apos;username&amp;apos; and @id = &amp;apos;loginForm_username&amp;apos; and @type = &amp;apos;text&amp;apos;]&amp;apos; in &amp;apos;30&amp;apos; second(s)</message>
  <nestedLevel>1</nestedLevel>
</record>
<record>
  <date>2018-04-05T10:42:28</date>
  <millis>1522899748713</millis>
  <sequence>69</sequence>
  <level>INFO</level>
  <class>com.kms.katalon.core.logging.KeywordLogger</class>
  <method>logMessage</method>
  <thread>1</thread>
  <message>Found 1 web elements with id: &amp;apos;Object Repository/com/cct/security/login/login/input_username&amp;apos; located by &amp;apos;By.xpath: //input[@name = &amp;apos;username&amp;apos; and @id = &amp;apos;loginForm_username&amp;apos; and @type = &amp;apos;text&amp;apos;]&amp;apos; in &amp;apos;30&amp;apos; second(s)</message>
  <nestedLevel>1</nestedLevel>
</record>
<record>
  <date>2018-04-05T10:42:28</date>
  <millis>1522899748714</millis>
  <sequence>70</sequence>
  <level>INFO</level>
  <class>com.kms.katalon.core.logging.KeywordLogger</class>
  <method>logMessage</method>
  <thread>1</thread>
  <message>Setting text of object &amp;apos;Object Repository/com/cct/security/login/login/input_username&amp;apos; to value &amp;apos;N01001&amp;apos;</message>
  <nestedLevel>1</nestedLevel>
</record>
<record>
  <date>2018-04-05T10:42:28</date>
  <millis>1522899748727</millis>
  <sequence>71</sequence>
  <level>PASSED</level>
  <class>com.kms.katalon.core.logging.KeywordLogger</class>
  <method>logMessage</method>
  <thread>1</thread>
  <message>Text &amp;apos;N01001&amp;apos; is set on object &amp;apos;Object Repository/com/cct/security/login/login/input_username&amp;apos;</message>
  <nestedLevel>1</nestedLevel>
</record>
<record>
  <date>2018-04-05T10:42:28</date>
  <millis>1522899748727</millis>
  <sequence>72</sequence>
  <level>INFO</level>
  <class>com.kms.katalon.core.logging.KeywordLogger</class>
  <method>logMessage</method>
  <thread>1</thread>
  <message>Finding Test Object with id &amp;apos;Object Repository/com/cct/security/login/login/input_password&amp;apos;</message>
  <nestedLevel>1</nestedLevel>
</record>
<record>
  <date>2018-04-05T10:42:28</date>
  <millis>1522899748732</millis>
  <sequence>73</sequence>
  <level>INFO</level>
  <class>com.kms.katalon.core.logging.KeywordLogger</class>
  <method>logMessage</method>
  <thread>1</thread>
  <message>Checking object</message>
  <nestedLevel>1</nestedLevel>
</record>
<record>
  <date>2018-04-05T10:42:28</date>
  <millis>1522899748732</millis>
  <sequence>74</sequence>
  <level>INFO</level>
  <class>com.kms.katalon.core.logging.KeywordLogger</class>
  <method>logMessage</method>
  <thread>1</thread>
  <message>Checking text</message>
  <nestedLevel>1</nestedLevel>
</record>
<record>
  <date>2018-04-05T10:42:28</date>
  <millis>1522899748732</millis>
  <sequence>75</sequence>
  <level>INFO</level>
  <class>com.kms.katalon.core.logging.KeywordLogger</class>
  <method>logMessage</method>
  <thread>1</thread>
  <message>Checking timeout</message>
  <nestedLevel>1</nestedLevel>
</record>
<record>
  <date>2018-04-05T10:42:28</date>
  <millis>1522899748735</millis>
  <sequence>76</sequence>
  <level>INFO</level>
  <class>com.kms.katalon.core.logging.KeywordLogger</class>
  <method>logMessage</method>
  <thread>1</thread>
  <message>Finding web element with id: &amp;apos;Object Repository/com/cct/security/login/login/input_password&amp;apos; located by &amp;apos;By.xpath: //input[@name = &amp;apos;password&amp;apos; and @id = &amp;apos;loginForm_password&amp;apos; and @type = &amp;apos;password&amp;apos;]&amp;apos; in &amp;apos;30&amp;apos; second(s)</message>
  <nestedLevel>1</nestedLevel>
</record>
<record>
  <date>2018-04-05T10:42:28</date>
  <millis>1522899748743</millis>
  <sequence>77</sequence>
  <level>INFO</level>
  <class>com.kms.katalon.core.logging.KeywordLogger</class>
  <method>logMessage</method>
  <thread>1</thread>
  <message>Found 1 web elements with id: &amp;apos;Object Repository/com/cct/security/login/login/input_password&amp;apos; located by &amp;apos;By.xpath: //input[@name = &amp;apos;password&amp;apos; and @id = &amp;apos;loginForm_password&amp;apos; and @type = &amp;apos;password&amp;apos;]&amp;apos; in &amp;apos;30&amp;apos; second(s)</message>
  <nestedLevel>1</nestedLevel>
</record>
<record>
  <date>2018-04-05T10:42:28</date>
  <millis>1522899748744</millis>
  <sequence>78</sequence>
  <level>INFO</level>
  <class>com.kms.katalon.core.logging.KeywordLogger</class>
  <method>logMessage</method>
  <thread>1</thread>
  <message>Clearing text of object &amp;apos;Object Repository/com/cct/security/login/login/input_password&amp;apos;</message>
  <nestedLevel>1</nestedLevel>
</record>
<record>
  <date>2018-04-05T10:42:28</date>
  <millis>1522899748758</millis>
  <sequence>79</sequence>
  <level>INFO</level>
  <class>com.kms.katalon.core.logging.KeywordLogger</class>
  <method>logMessage</method>
  <thread>1</thread>
  <message>Checking timeout</message>
  <nestedLevel>1</nestedLevel>
</record>
<record>
  <date>2018-04-05T10:42:28</date>
  <millis>1522899748759</millis>
  <sequence>80</sequence>
  <level>INFO</level>
  <class>com.kms.katalon.core.logging.KeywordLogger</class>
  <method>logMessage</method>
  <thread>1</thread>
  <message>Finding web element with id: &amp;apos;Object Repository/com/cct/security/login/login/input_password&amp;apos; located by &amp;apos;By.xpath: //input[@name = &amp;apos;password&amp;apos; and @id = &amp;apos;loginForm_password&amp;apos; and @type = &amp;apos;password&amp;apos;]&amp;apos; in &amp;apos;30&amp;apos; second(s)</message>
  <nestedLevel>1</nestedLevel>
</record>
<record>
  <date>2018-04-05T10:42:28</date>
  <millis>1522899748766</millis>
  <sequence>81</sequence>
  <level>INFO</level>
  <class>com.kms.katalon.core.logging.KeywordLogger</class>
  <method>logMessage</method>
  <thread>1</thread>
  <message>Found 1 web elements with id: &amp;apos;Object Repository/com/cct/security/login/login/input_password&amp;apos; located by &amp;apos;By.xpath: //input[@name = &amp;apos;password&amp;apos; and @id = &amp;apos;loginForm_password&amp;apos; and @type = &amp;apos;password&amp;apos;]&amp;apos; in &amp;apos;30&amp;apos; second(s)</message>
  <nestedLevel>1</nestedLevel>
</record>
<record>
  <date>2018-04-05T10:42:28</date>
  <millis>1522899748767</millis>
  <sequence>82</sequence>
  <level>INFO</level>
  <class>com.kms.katalon.core.logging.KeywordLogger</class>
  <method>logMessage</method>
  <thread>1</thread>
  <message>Setting text of object &amp;apos;Object Repository/com/cct/security/login/login/input_password&amp;apos; to value &amp;apos;Nn@1234&amp;apos;</message>
  <nestedLevel>1</nestedLevel>
</record>
<record>
  <date>2018-04-05T10:42:28</date>
  <millis>1522899748779</millis>
  <sequence>83</sequence>
  <level>PASSED</level>
  <class>com.kms.katalon.core.logging.KeywordLogger</class>
  <method>logMessage</method>
  <thread>1</thread>
  <message>Text &amp;apos;Nn@1234&amp;apos; is set on object &amp;apos;Object Repository/com/cct/security/login/login/input_password&amp;apos;</message>
  <nestedLevel>1</nestedLevel>
</record>
<record>
  <date>2018-04-05T10:42:28</date>
  <millis>1522899748780</millis>
  <sequence>84</sequence>
  <level>INFO</level>
  <class>com.kms.katalon.core.logging.KeywordLogger</class>
  <method>logMessage</method>
  <thread>1</thread>
  <message>Finding Test Object with id &amp;apos;Object Repository/com/cct/security/login/login/button_Log-in&amp;apos;</message>
  <nestedLevel>1</nestedLevel>
</record>
<record>
  <date>2018-04-05T10:42:28</date>
  <millis>1522899748790</millis>
  <sequence>85</sequence>
  <level>INFO</level>
  <class>com.kms.katalon.core.logging.KeywordLogger</class>
  <method>logMessage</method>
  <thread>1</thread>
  <message>Checking object</message>
  <nestedLevel>1</nestedLevel>
</record>
<record>
  <date>2018-04-05T10:42:28</date>
  <millis>1522899748794</millis>
  <sequence>86</sequence>
  <level>INFO</level>
  <class>com.kms.katalon.core.logging.KeywordLogger</class>
  <method>logMessage</method>
  <thread>1</thread>
  <message>Checking timeout</message>
  <nestedLevel>1</nestedLevel>
</record>
<record>
  <date>2018-04-05T10:42:28</date>
  <millis>1522899748795</millis>
  <sequence>87</sequence>
  <level>INFO</level>
  <class>com.kms.katalon.core.logging.KeywordLogger</class>
  <method>logMessage</method>
  <thread>1</thread>
  <message>Finding web element with id: &amp;apos;Object Repository/com/cct/security/login/login/button_Log-in&amp;apos; located by &amp;apos;By.xpath: //button[@id = &amp;apos;btnLogin&amp;apos; and @type = &amp;apos;button&amp;apos; and (text() = &amp;apos;\n\t\t\t\t\t\t\t\t\n\t\t\t\t\t\t\t\tLog-in\n\t\t\t\t\t\t\t&amp;apos; or . = &amp;apos;\n\t\t\t\t\t\t\t\t\n\t\t\t\t\t\t\t\tLog-in\n\t\t\t\t\t\t\t&amp;apos;)]&amp;apos; in &amp;apos;30&amp;apos; second(s)</message>
  <nestedLevel>1</nestedLevel>
</record>
<record>
  <date>2018-04-05T10:42:28</date>
  <millis>1522899748803</millis>
  <sequence>88</sequence>
  <level>INFO</level>
  <class>com.kms.katalon.core.logging.KeywordLogger</class>
  <method>logMessage</method>
  <thread>1</thread>
  <message>Found 1 web elements with id: &amp;apos;Object Repository/com/cct/security/login/login/button_Log-in&amp;apos; located by &amp;apos;By.xpath: //button[@id = &amp;apos;btnLogin&amp;apos; and @type = &amp;apos;button&amp;apos; and (text() = &amp;apos;\n\t\t\t\t\t\t\t\t\n\t\t\t\t\t\t\t\tLog-in\n\t\t\t\t\t\t\t&amp;apos; or . = &amp;apos;\n\t\t\t\t\t\t\t\t\n\t\t\t\t\t\t\t\tLog-in\n\t\t\t\t\t\t\t&amp;apos;)]&amp;apos; in &amp;apos;30&amp;apos; second(s)</message>
  <nestedLevel>1</nestedLevel>
</record>
<record>
  <date>2018-04-05T10:42:28</date>
  <millis>1522899748803</millis>
  <sequence>89</sequence>
  <level>INFO</level>
  <class>com.kms.katalon.core.logging.KeywordLogger</class>
  <method>logMessage</method>
  <thread>1</thread>
  <message>Clicking on object: &amp;apos;Object Repository/com/cct/security/login/login/button_Log-in&amp;apos;</message>
  <nestedLevel>1</nestedLevel>
</record>
<record>
  <date>2018-04-05T10:42:29</date>
  <millis>1522899749020</millis>
  <sequence>90</sequence>
  <level>PASSED</level>
  <class>com.kms.katalon.core.logging.KeywordLogger</class>
  <method>logMessage</method>
  <thread>1</thread>
  <message>Object: &amp;apos;Object Repository/com/cct/security/login/login/button_Log-in&amp;apos; is clicked on</message>
  <nestedLevel>1</nestedLevel>
</record>
<record>
  <date>2018-04-05T10:42:29</date>
  <millis>1522899749041</millis>
  <sequence>91</sequence>
  <level>INFO</level>
  <class>com.kms.katalon.core.logging.KeywordLogger</class>
  <method>logMessage</method>
  <thread>1</thread>
  <message>Delaying browser in 1 second(s)</message>
  <nestedLevel>1</nestedLevel>
</record>
<record>
  <date>2018-04-05T10:42:30</date>
  <millis>1522899750043</millis>
  <sequence>92</sequence>
  <level>PASSED</level>
  <class>com.kms.katalon.core.logging.KeywordLogger</class>
  <method>logMessage</method>
  <thread>1</thread>
  <message>Delayed 1 second(s)</message>
  <nestedLevel>1</nestedLevel>
</record>
<record>
  <date>2018-04-05T10:42:30</date>
  <millis>1522899750044</millis>
  <sequence>93</sequence>
  <level>PASSED</level>
  <class>com.kms.katalon.core.logging.KeywordLogger</class>
  <method>logMessage</method>
  <thread>1</thread>
  <message>com.cct.common.security.login.Login.loginDefault is PASSED</message>
  <nestedLevel>1</nestedLevel>
</record>
<record>
  <date>2018-04-05T10:42:30</date>
  <millis>1522899750044</millis>
  <sequence>94</sequence>
  <level>END</level>
  <class>com.kms.katalon.core.logging.KeywordLogger</class>
  <method>endKeyword</method>
  <thread>1</thread>
  <message>End action : com.cct.common.security.login.Login.loginDefault</message>
  <nestedLevel>1</nestedLevel>
</record>
<record>
  <date>2018-04-05T10:42:30</date>
  <millis>1522899750045</millis>
  <sequence>95</sequence>
  <level>START</level>
  <class>com.kms.katalon.core.logging.KeywordLogger</class>
  <method>startKeyword</method>
  <thread>1</thread>
  <message>Start action : com.cct.common.serviceschedule.addopenschedule.AddOpenSchedule.gotoPage</message>
  <nestedLevel>1</nestedLevel>
  <property name="startLine">24</property>
  <property name="stepIndex">2</property>
</record>
<record>
  <date>2018-04-05T10:42:30</date>
  <millis>1522899750057</millis>
  <sequence>96</sequence>
  <level>INFO</level>
  <class>com.kms.katalon.core.logging.KeywordLogger</class>
  <method>logMessage</method>
  <thread>1</thread>
  <message>Finding Test Object with id &amp;apos;Object Repository/com/cct/security/mainpage/main/input_btnSubmit Manage Schedule and Individual Check-Ins&amp;apos;</message>
  <nestedLevel>1</nestedLevel>
</record>
<record>
  <date>2018-04-05T10:42:30</date>
  <millis>1522899750069</millis>
  <sequence>97</sequence>
  <level>INFO</level>
  <class>com.kms.katalon.core.logging.KeywordLogger</class>
  <method>logMessage</method>
  <thread>1</thread>
  <message>Checking object</message>
  <nestedLevel>1</nestedLevel>
</record>
<record>
  <date>2018-04-05T10:42:30</date>
  <millis>1522899750069</millis>
  <sequence>98</sequence>
  <level>INFO</level>
  <class>com.kms.katalon.core.logging.KeywordLogger</class>
  <method>logMessage</method>
  <thread>1</thread>
  <message>Checking timeout</message>
  <nestedLevel>1</nestedLevel>
</record>
<record>
  <date>2018-04-05T10:42:30</date>
  <millis>1522899750072</millis>
  <sequence>99</sequence>
  <level>INFO</level>
  <class>com.kms.katalon.core.logging.KeywordLogger</class>
  <method>logMessage</method>
  <thread>1</thread>
  <message>Finding web element with id: &amp;apos;Object Repository/com/cct/security/mainpage/main/input_btnSubmit Manage Schedule and Individual Check-Ins&amp;apos; located by &amp;apos;By.xpath: id(\&amp;quot;initMainpage\&amp;quot;)/table[@class=\&amp;quot;FORM\&amp;quot;]/tbody[1]/tr[10]/td[1]/input[@class=\&amp;quot;btnSubmit ui-button ui-corner-all ui-widget\&amp;quot;][count(. | //input[@type = &amp;apos;button&amp;apos;]) = count(//input[@type = &amp;apos;button&amp;apos;])]&amp;apos; in &amp;apos;30&amp;apos; second(s)</message>
  <nestedLevel>1</nestedLevel>
</record>
<record>
  <date>2018-04-05T10:43:01</date>
  <millis>1522899781850</millis>
  <sequence>100</sequence>
  <level>FAILED</level>
  <class>com.kms.katalon.core.logging.KeywordLogger</class>
  <method>logMessage</method>
  <thread>1</thread>
  <message>Unable to click on object &amp;apos;Object Repository/com/cct/security/mainpage/main/input_btnSubmit Manage Schedule and Individual Check-Ins&amp;apos; (Root cause: com.kms.katalon.core.webui.exception.WebElementNotFoundException: Web element with id: &amp;apos;Object Repository/com/cct/security/mainpage/main/input_btnSubmit Manage Schedule and Individual Check-Ins&amp;apos; located by &amp;apos;By.xpath: id(\&amp;quot;initMainpage\&amp;quot;)/table[@class=\&amp;quot;FORM\&amp;quot;]/tbody[1]/tr[10]/td[1]/input[@class=\&amp;quot;btnSubmit ui-button ui-corner-all ui-widget\&amp;quot;][count(. | //input[@type = &amp;apos;button&amp;apos;]) = count(//input[@type = &amp;apos;button&amp;apos;])]&amp;apos; not found)</message>
  <nestedLevel>1</nestedLevel>
  <property name="attachment">1522899781793.png</property>
</record>
<record>
  <date>2018-04-05T10:43:01</date>
  <millis>1522899781851</millis>
  <sequence>101</sequence>
  <level>INFO</level>
  <class>com.kms.katalon.core.logging.KeywordLogger</class>
  <method>logMessage</method>
  <thread>1</thread>
  <message>Finding Test Object with id &amp;apos;Object Repository/com/cct/serviceschedule/openschedule/search/button_open new schedule&amp;apos;</message>
  <nestedLevel>1</nestedLevel>
</record>
<record>
  <date>2018-04-05T10:43:01</date>
  <millis>1522899781857</millis>
  <sequence>102</sequence>
  <level>INFO</level>
  <class>com.kms.katalon.core.logging.KeywordLogger</class>
  <method>logMessage</method>
  <thread>1</thread>
  <message>Checking object</message>
  <nestedLevel>1</nestedLevel>
</record>
<record>
  <date>2018-04-05T10:43:01</date>
  <millis>1522899781857</millis>
  <sequence>103</sequence>
  <level>INFO</level>
  <class>com.kms.katalon.core.logging.KeywordLogger</class>
  <method>logMessage</method>
  <thread>1</thread>
  <message>Checking timeout</message>
  <nestedLevel>1</nestedLevel>
</record>
<record>
  <date>2018-04-05T10:43:01</date>
  <millis>1522899781858</millis>
  <sequence>104</sequence>
  <level>INFO</level>
  <class>com.kms.katalon.core.logging.KeywordLogger</class>
  <method>logMessage</method>
  <thread>1</thread>
  <message>Finding web element with id: &amp;apos;Object Repository/com/cct/serviceschedule/openschedule/search/button_open new schedule&amp;apos; located by &amp;apos;By.xpath: id(\&amp;quot;btnOpenNewSchedule\&amp;quot;)[count(. | //button[@id = &amp;apos;btnOpenNewSchedule&amp;apos; and @type = &amp;apos;button&amp;apos; and (text() = &amp;apos;\n\t\t\t\t\t\t\t\t\n\t\t\t\t\t\t\t\topen new schedule\n\t\t\t\t\t\t\t&amp;apos; or . = &amp;apos;\n\t\t\t\t\t\t\t\t\n\t\t\t\t\t\t\t\topen new schedule\n\t\t\t\t\t\t\t&amp;apos;)]) = count(//button[@id = &amp;apos;btnOpenNewSchedule&amp;apos; and @type = &amp;apos;button&amp;apos; and (text() = &amp;apos;\n\t\t\t\t\t\t\t\t\n\t\t\t\t\t\t\t\topen new schedule\n\t\t\t\t\t\t\t&amp;apos; or . = &amp;apos;\n\t\t\t\t\t\t\t\t\n\t\t\t\t\t\t\t\topen new schedule\n\t\t\t\t\t\t\t&amp;apos;)])]&amp;apos; in &amp;apos;30&amp;apos; second(s)</message>
  <nestedLevel>1</nestedLevel>
</record>
<record>
  <date>2018-04-05T10:43:33</date>
  <millis>1522899813101</millis>
  <sequence>105</sequence>
  <level>FAILED</level>
  <class>com.kms.katalon.core.logging.KeywordLogger</class>
  <method>logMessage</method>
  <thread>1</thread>
  <message>Unable to click on object &amp;apos;Object Repository/com/cct/serviceschedule/openschedule/search/button_open new schedule&amp;apos; (Root cause: com.kms.katalon.core.webui.exception.WebElementNotFoundException: Web element with id: &amp;apos;Object Repository/com/cct/serviceschedule/openschedule/search/button_open new schedule&amp;apos; located by &amp;apos;By.xpath: id(\&amp;quot;btnOpenNewSchedule\&amp;quot;)[count(. | //button[@id = &amp;apos;btnOpenNewSchedule&amp;apos; and @type = &amp;apos;button&amp;apos; and (text() = &amp;apos;\n\t\t\t\t\t\t\t\t\n\t\t\t\t\t\t\t\topen new schedule\n\t\t\t\t\t\t\t&amp;apos; or . = &amp;apos;\n\t\t\t\t\t\t\t\t\n\t\t\t\t\t\t\t\topen new schedule\n\t\t\t\t\t\t\t&amp;apos;)]) = count(//button[@id = &amp;apos;btnOpenNewSchedule&amp;apos; and @type = &amp;apos;button&amp;apos; and (text() = &amp;apos;\n\t\t\t\t\t\t\t\t\n\t\t\t\t\t\t\t\topen new schedule\n\t\t\t\t\t\t\t&amp;apos; or . = &amp;apos;\n\t\t\t\t\t\t\t\t\n\t\t\t\t\t\t\t\topen new schedule\n\t\t\t\t\t\t\t&amp;apos;)])]&amp;apos; not found)</message>
  <nestedLevel>1</nestedLevel>
  <property name="attachment">1522899812997.png</property>
</record>
<record>
  <date>2018-04-05T10:43:33</date>
  <millis>1522899813102</millis>
  <sequence>106</sequence>
  <level>INFO</level>
  <class>com.kms.katalon.core.logging.KeywordLogger</class>
  <method>logMessage</method>
  <thread>1</thread>
  <message>Finding Test Object with id &amp;apos;Object Repository/com/cct/serviceschedule/openschedule/search/button_Open schedule manually&amp;apos;</message>
  <nestedLevel>1</nestedLevel>
</record>
<record>
  <date>2018-04-05T10:43:33</date>
  <millis>1522899813115</millis>
  <sequence>107</sequence>
  <level>INFO</level>
  <class>com.kms.katalon.core.logging.KeywordLogger</class>
  <method>logMessage</method>
  <thread>1</thread>
  <message>Checking object</message>
  <nestedLevel>1</nestedLevel>
</record>
<record>
  <date>2018-04-05T10:43:33</date>
  <millis>1522899813117</millis>
  <sequence>108</sequence>
  <level>INFO</level>
  <class>com.kms.katalon.core.logging.KeywordLogger</class>
  <method>logMessage</method>
  <thread>1</thread>
  <message>Checking timeout</message>
  <nestedLevel>1</nestedLevel>
</record>
<record>
  <date>2018-04-05T10:43:33</date>
  <millis>1522899813117</millis>
  <sequence>109</sequence>
  <level>INFO</level>
  <class>com.kms.katalon.core.logging.KeywordLogger</class>
  <method>logMessage</method>
  <thread>1</thread>
  <message>Finding web element with id: &amp;apos;Object Repository/com/cct/serviceschedule/openschedule/search/button_Open schedule manually&amp;apos; located by &amp;apos;By.xpath: //button[@id = &amp;apos;btnOpenSchedule&amp;apos; and @type = &amp;apos;button&amp;apos; and (text() = &amp;apos;\n\t\t\t\t\t\t\t\t\n\t\t\t\t\t\t\t\tOpen schedule manually\n\t\t\t\t\t\t\t&amp;apos; or . = &amp;apos;\n\t\t\t\t\t\t\t\t\n\t\t\t\t\t\t\t\tOpen schedule manually\n\t\t\t\t\t\t\t&amp;apos;)]&amp;apos; in &amp;apos;30&amp;apos; second(s)</message>
  <nestedLevel>1</nestedLevel>
</record>
<record>
  <date>2018-04-05T10:44:04</date>
  <millis>1522899844281</millis>
  <sequence>110</sequence>
  <level>FAILED</level>
  <class>com.kms.katalon.core.logging.KeywordLogger</class>
  <method>logMessage</method>
  <thread>1</thread>
  <message>Unable to click on object &amp;apos;Object Repository/com/cct/serviceschedule/openschedule/search/button_Open schedule manually&amp;apos; (Root cause: com.kms.katalon.core.webui.exception.WebElementNotFoundException: Web element with id: &amp;apos;Object Repository/com/cct/serviceschedule/openschedule/search/button_Open schedule manually&amp;apos; located by &amp;apos;By.xpath: //button[@id = &amp;apos;btnOpenSchedule&amp;apos; and @type = &amp;apos;button&amp;apos; and (text() = &amp;apos;\n\t\t\t\t\t\t\t\t\n\t\t\t\t\t\t\t\tOpen schedule manually\n\t\t\t\t\t\t\t&amp;apos; or . = &amp;apos;\n\t\t\t\t\t\t\t\t\n\t\t\t\t\t\t\t\tOpen schedule manually\n\t\t\t\t\t\t\t&amp;apos;)]&amp;apos; not found)</message>
  <nestedLevel>1</nestedLevel>
  <property name="attachment">1522899844233.png</property>
</record>
<record>
  <date>2018-04-05T10:44:04</date>
  <millis>1522899844281</millis>
  <sequence>111</sequence>
  <level>FAILED</level>
  <class>com.kms.katalon.core.logging.KeywordLogger</class>
  <method>logMessage</method>
  <thread>1</thread>
  <message>Unable to click on object &amp;apos;Object Repository/com/cct/security/mainpage/main/input_btnSubmit Manage Schedule and Individual Check-Ins&amp;apos; (Root cause: com.kms.katalon.core.webui.exception.WebElementNotFoundException: Web element with id: &amp;apos;Object Repository/com/cct/security/mainpage/main/input_btnSubmit Manage Schedule and Individual Check-Ins&amp;apos; located by &amp;apos;By.xpath: id(\&amp;quot;initMainpage\&amp;quot;)/table[@class=\&amp;quot;FORM\&amp;quot;]/tbody[1]/tr[10]/td[1]/input[@class=\&amp;quot;btnSubmit ui-button ui-corner-all ui-widget\&amp;quot;][count(. | //input[@type = &amp;apos;button&amp;apos;]) = count(//input[@type = &amp;apos;button&amp;apos;])]&amp;apos; not found)</message>
  <nestedLevel>1</nestedLevel>
</record>
<record>
  <date>2018-04-05T10:44:04</date>
  <millis>1522899844282</millis>
  <sequence>112</sequence>
  <level>END</level>
  <class>com.kms.katalon.core.logging.KeywordLogger</class>
  <method>endKeyword</method>
  <thread>1</thread>
  <message>End action : com.cct.common.serviceschedule.addopenschedule.AddOpenSchedule.gotoPage</message>
  <nestedLevel>1</nestedLevel>
</record>
<record>
  <date>2018-04-05T10:44:04</date>
  <millis>1522899844282</millis>
  <sequence>113</sequence>
  <level>START</level>
  <class>com.kms.katalon.core.logging.KeywordLogger</class>
  <method>startKeyword</method>
  <thread>1</thread>
  <message>Start action : com.cct.common.serviceschedule.addopenschedule.AddOpenSchedule.setValueToInput</message>
  <nestedLevel>1</nestedLevel>
  <property name="startLine">26</property>
  <property name="stepIndex">3</property>
</record>
<record>
  <date>2018-04-05T10:44:04</date>
  <millis>1522899844283</millis>
  <sequence>114</sequence>
  <level>INFO</level>
  <class>com.kms.katalon.core.logging.KeywordLogger</class>
  <method>logMessage</method>
  <thread>1</thread>
  <message>Finding Test Object with id &amp;apos;Object Repository/com/cct/serviceschedule/openschedule/add/input_openScManual.serviceNumb&amp;apos;</message>
  <nestedLevel>1</nestedLevel>
</record>
<record>
  <date>2018-04-05T10:44:04</date>
  <millis>1522899844287</millis>
  <sequence>115</sequence>
  <level>INFO</level>
  <class>com.kms.katalon.core.logging.KeywordLogger</class>
  <method>logMessage</method>
  <thread>1</thread>
  <message>Checking object</message>
  <nestedLevel>1</nestedLevel>
</record>
<record>
  <date>2018-04-05T10:44:04</date>
  <millis>1522899844288</millis>
  <sequence>116</sequence>
  <level>INFO</level>
  <class>com.kms.katalon.core.logging.KeywordLogger</class>
  <method>logMessage</method>
  <thread>1</thread>
  <message>Checking text</message>
  <nestedLevel>1</nestedLevel>
</record>
<record>
  <date>2018-04-05T10:44:04</date>
  <millis>1522899844288</millis>
  <sequence>117</sequence>
  <level>INFO</level>
  <class>com.kms.katalon.core.logging.KeywordLogger</class>
  <method>logMessage</method>
  <thread>1</thread>
  <message>Checking timeout</message>
  <nestedLevel>1</nestedLevel>
</record>
<record>
  <date>2018-04-05T10:44:04</date>
  <millis>1522899844289</millis>
  <sequence>118</sequence>
  <level>INFO</level>
  <class>com.kms.katalon.core.logging.KeywordLogger</class>
  <method>logMessage</method>
  <thread>1</thread>
  <message>Finding web element with id: &amp;apos;Object Repository/com/cct/serviceschedule/openschedule/add/input_openScManual.serviceNumb&amp;apos; located by &amp;apos;By.xpath: //input[@name = &amp;apos;openScManual.serviceNumber&amp;apos; and @id = &amp;apos;openScManual_serviceNumber&amp;apos; and @type = &amp;apos;text&amp;apos;]&amp;apos; in &amp;apos;30&amp;apos; second(s)</message>
  <nestedLevel>1</nestedLevel>
</record>
<record>
  <date>2018-04-05T10:44:35</date>
  <millis>1522899875660</millis>
  <sequence>119</sequence>
  <level>FAILED</level>
  <class>com.kms.katalon.core.logging.KeywordLogger</class>
  <method>logMessage</method>
  <thread>1</thread>
  <message>Unable to set text &amp;apos;A1234Aaa&amp;apos; of object &amp;apos;Object Repository/com/cct/serviceschedule/openschedule/add/input_openScManual.serviceNumb&amp;apos; (Root cause: com.kms.katalon.core.webui.exception.WebElementNotFoundException: Web element with id: &amp;apos;Object Repository/com/cct/serviceschedule/openschedule/add/input_openScManual.serviceNumb&amp;apos; located by &amp;apos;By.xpath: //input[@name = &amp;apos;openScManual.serviceNumber&amp;apos; and @id = &amp;apos;openScManual_serviceNumber&amp;apos; and @type = &amp;apos;text&amp;apos;]&amp;apos; not found)</message>
  <nestedLevel>1</nestedLevel>
  <property name="attachment">1522899875556.png</property>
</record>
<record>
  <date>2018-04-05T10:44:35</date>
  <millis>1522899875661</millis>
  <sequence>120</sequence>
  <level>INFO</level>
  <class>com.kms.katalon.core.logging.KeywordLogger</class>
  <method>logMessage</method>
  <thread>1</thread>
  <message>Finding Test Object with id &amp;apos;Object Repository/com/cct/serviceschedule/openschedule/add/input_autocompleteDepturePortN&amp;apos;</message>
  <nestedLevel>1</nestedLevel>
</record>
<record>
  <date>2018-04-05T10:44:35</date>
  <millis>1522899875664</millis>
  <sequence>121</sequence>
  <level>INFO</level>
  <class>com.kms.katalon.core.logging.KeywordLogger</class>
  <method>logMessage</method>
  <thread>1</thread>
  <message>Checking object</message>
  <nestedLevel>1</nestedLevel>
</record>
<record>
  <date>2018-04-05T10:44:35</date>
  <millis>1522899875664</millis>
  <sequence>122</sequence>
  <level>INFO</level>
  <class>com.kms.katalon.core.logging.KeywordLogger</class>
  <method>logMessage</method>
  <thread>1</thread>
  <message>Checking text</message>
  <nestedLevel>1</nestedLevel>
</record>
<record>
  <date>2018-04-05T10:44:35</date>
  <millis>1522899875664</millis>
  <sequence>123</sequence>
  <level>INFO</level>
  <class>com.kms.katalon.core.logging.KeywordLogger</class>
  <method>logMessage</method>
  <thread>1</thread>
  <message>Checking timeout</message>
  <nestedLevel>1</nestedLevel>
</record>
<record>
  <date>2018-04-05T10:44:35</date>
  <millis>1522899875665</millis>
  <sequence>124</sequence>
  <level>INFO</level>
  <class>com.kms.katalon.core.logging.KeywordLogger</class>
  <method>logMessage</method>
  <thread>1</thread>
  <message>Finding web element with id: &amp;apos;Object Repository/com/cct/serviceschedule/openschedule/add/input_autocompleteDepturePortN&amp;apos; located by &amp;apos;By.xpath: //input[@id = &amp;apos;autocompleteDepturePortName_autocomplete_input_id&amp;apos; and @name = &amp;apos;autocompleteDepturePortName_autocomplete_input_name&amp;apos; and @type = &amp;apos;text&amp;apos;]&amp;apos; in &amp;apos;30&amp;apos; second(s)</message>
  <nestedLevel>1</nestedLevel>
</record>
<record>
  <date>2018-04-05T10:45:06</date>
  <millis>1522899906038</millis>
  <sequence>125</sequence>
  <level>WARNING</level>
  <class>com.kms.katalon.core.logging.KeywordLogger</class>
  <method>logMessage</method>
  <thread>1</thread>
  <message>Cannot take screenshot</message>
  <nestedLevel>1</nestedLevel>
</record>
<record>
  <date>2018-04-05T10:45:06</date>
  <millis>1522899906038</millis>
  <sequence>126</sequence>
  <level>FAILED</level>
  <class>com.kms.katalon.core.logging.KeywordLogger</class>
  <method>logMessage</method>
  <thread>1</thread>
  <message>Unable to set text &amp;apos;&amp;apos; of object &amp;apos;Object Repository/com/cct/serviceschedule/openschedule/add/input_autocompleteDepturePortN&amp;apos; (Root cause: org.openqa.selenium.WebDriverException: Failed to decode response from marionette\nBuild info: version: &amp;apos;3.7.1&amp;apos;, revision: &amp;apos;8a0099a&amp;apos;, time: &amp;apos;2017-11-06T21:07:36.161Z&amp;apos;\nSystem info: host: &amp;apos;PG-ADUL&amp;apos;, ip: &amp;apos;172.27.98.17&amp;apos;, os.name: &amp;apos;Windows 10&amp;apos;, os.arch: &amp;apos;amd64&amp;apos;, os.version: &amp;apos;10.0&amp;apos;, java.version: &amp;apos;1.8.0_102&amp;apos;\nDriver info: com.kms.katalon.core.webui.driver.firefox.CGeckoDriver\nCapabilities {acceptInsecureCerts: true, browserName: firefox, browserVersion: 58.0.2, javascriptEnabled: true, moz:accessibilityChecks: false, moz:headless: false, moz:processID: 3620, moz:profile: C:\\Users\\Admin\\AppData\\Loca..., moz:webdriverClick: true, pageLoadStrategy: normal, platform: XP, platformName: XP, platformVersion: 10.0, proxy: Proxy(direct), rotatable: false, timeouts: {implicit: 0, pageLoad: 300000, script: 30000}}\nSession ID: 550c6f47-a449-4258-916c-7a3d29d749f6\n*** Element info: {Using=xpath, value=//input[@id = &amp;apos;autocompleteDepturePortName_autocomplete_input_id&amp;apos; and @name = &amp;apos;autocompleteDepturePortName_autocomplete_input_name&amp;apos; and @type = &amp;apos;text&amp;apos;]})</message>
  <nestedLevel>1</nestedLevel>
</record>
<record>
  <date>2018-04-05T10:45:06</date>
  <millis>1522899906039</millis>
  <sequence>127</sequence>
  <level>INFO</level>
  <class>com.kms.katalon.core.logging.KeywordLogger</class>
  <method>logMessage</method>
  <thread>1</thread>
  <message>Delaying browser in 1 second(s)</message>
  <nestedLevel>1</nestedLevel>
</record>
