<?xml version="1.0" encoding="UTF-8" standalone="no"?>
<!DOCTYPE log SYSTEM "logger.dtd">
<log>
<record>
  <date>2018-04-11T09:47:15</date>
  <millis>1523414835257</millis>
  <sequence>0</sequence>
  <level>START</level>
  <class>com.kms.katalon.core.logging.KeywordLogger</class>
  <method>startSuite</method>
  <thread>1</thread>
  <message>Start Test Suite : Test Suites/serviceschdule/add/addOpenSchedule</message>
  <nestedLevel>0</nestedLevel>
  <property name="name">addOpenSchedule</property>
  <property name="description"></property>
  <property name="id">Test Suites/serviceschdule/add/addOpenSchedule</property>
</record>
<record>
  <date>2018-04-11T09:47:15</date>
  <millis>1523414835288</millis>
  <sequence>1</sequence>
  <level>RUN_DATA</level>
  <class>com.kms.katalon.core.logging.KeywordLogger</class>
  <method>logMessage</method>
  <thread>1</thread>
  <message>Logging run data &amp;apos;hostName&amp;apos; with value &amp;apos;PG-Adul - PG-Adul.mshome.net&amp;apos;</message>
  <nestedLevel>0</nestedLevel>
  <property name="hostName">PG-Adul - PG-Adul.mshome.net</property>
</record>
<record>
  <date>2018-04-11T09:47:15</date>
  <millis>1523414835290</millis>
  <sequence>2</sequence>
  <level>RUN_DATA</level>
  <class>com.kms.katalon.core.logging.KeywordLogger</class>
  <method>logMessage</method>
  <thread>1</thread>
  <message>Logging run data &amp;apos;os&amp;apos; with value &amp;apos;Windows 10 64bit&amp;apos;</message>
  <nestedLevel>0</nestedLevel>
  <property name="os">Windows 10 64bit</property>
</record>
<record>
  <date>2018-04-11T09:47:15</date>
  <millis>1523414835291</millis>
  <sequence>3</sequence>
  <level>RUN_DATA</level>
  <class>com.kms.katalon.core.logging.KeywordLogger</class>
  <method>logMessage</method>
  <thread>1</thread>
  <message>Logging run data &amp;apos;hostAddress&amp;apos; with value &amp;apos;172.27.98.17&amp;apos;</message>
  <nestedLevel>0</nestedLevel>
  <property name="hostAddress">172.27.98.17</property>
</record>
<record>
  <date>2018-04-11T09:47:15</date>
  <millis>1523414835293</millis>
  <sequence>4</sequence>
  <level>RUN_DATA</level>
  <class>com.kms.katalon.core.logging.KeywordLogger</class>
  <method>logMessage</method>
  <thread>1</thread>
  <message>Logging run data &amp;apos;katalonVersion&amp;apos; with value &amp;apos;5.3.1.1&amp;apos;</message>
  <nestedLevel>0</nestedLevel>
  <property name="katalonVersion">5.3.1.1</property>
</record>
<record>
  <date>2018-04-11T09:47:15</date>
  <millis>1523414835596</millis>
  <sequence>5</sequence>
  <level>START</level>
  <class>com.kms.katalon.core.logging.KeywordLogger</class>
  <method>startKeyword</method>
  <thread>1</thread>
  <message>Start listener action : sampleBeforeTestSuite</message>
  <nestedLevel>0</nestedLevel>
</record>
<record>
  <date>2018-04-11T09:47:15</date>
  <millis>1523414835597</millis>
  <sequence>6</sequence>
  <level>INFO</level>
  <class>com.kms.katalon.core.logging.KeywordLogger</class>
  <method>logMessage</method>
  <thread>1</thread>
  <message>Starting invoke &amp;apos;com.kms.katalon.core.annotation.BeforeTestSuite&amp;apos; method: &amp;apos;CustimeListener.sampleBeforeTestSuite(...)&amp;apos;</message>
  <nestedLevel>0</nestedLevel>
</record>
<record>
  <date>2018-04-11T09:47:15</date>
  <millis>1523414835612</millis>
  <sequence>7</sequence>
  <level>START</level>
  <class>com.kms.katalon.core.logging.KeywordLogger</class>
  <method>startKeyword</method>
  <thread>1</thread>
  <message>Start action : Statement - wb = new org.apache.poi.xssf.usermodel.XSSFWorkbook()</message>
  <nestedLevel>1</nestedLevel>
  <property name="startLine">41</property>
  <property name="stepIndex">1</property>
</record>
<record>
  <date>2018-04-11T09:47:16</date>
  <millis>1523414836508</millis>
  <sequence>8</sequence>
  <level>END</level>
  <class>com.kms.katalon.core.logging.KeywordLogger</class>
  <method>endKeyword</method>
  <thread>1</thread>
  <message>End action : Statement - wb = new org.apache.poi.xssf.usermodel.XSSFWorkbook()</message>
  <nestedLevel>1</nestedLevel>
</record>
<record>
  <date>2018-04-11T09:47:16</date>
  <millis>1523414836509</millis>
  <sequence>9</sequence>
  <level>START</level>
  <class>com.kms.katalon.core.logging.KeywordLogger</class>
  <method>startKeyword</method>
  <thread>1</thread>
  <message>Start action : Statement - sheetName = testSuiteContext.getTestSuiteId().split(\&amp;quot;/\&amp;quot;)[1]</message>
  <nestedLevel>1</nestedLevel>
  <property name="startLine">42</property>
  <property name="stepIndex">2</property>
</record>
<record>
  <date>2018-04-11T09:47:16</date>
  <millis>1523414836519</millis>
  <sequence>10</sequence>
  <level>END</level>
  <class>com.kms.katalon.core.logging.KeywordLogger</class>
  <method>endKeyword</method>
  <thread>1</thread>
  <message>End action : Statement - sheetName = testSuiteContext.getTestSuiteId().split(\&amp;quot;/\&amp;quot;)[1]</message>
  <nestedLevel>1</nestedLevel>
</record>
<record>
  <date>2018-04-11T09:47:16</date>
  <millis>1523414836519</millis>
  <sequence>11</sequence>
  <level>START</level>
  <class>com.kms.katalon.core.logging.KeywordLogger</class>
  <method>startKeyword</method>
  <thread>1</thread>
  <message>Start action : Statement - util.exportExcel.craeteFolder(testSuiteContext.getTestSuiteId())</message>
  <nestedLevel>1</nestedLevel>
  <property name="startLine">43</property>
  <property name="stepIndex">3</property>
</record>
<record>
  <date>2018-04-11T09:47:16</date>
  <millis>1523414836569</millis>
  <sequence>12</sequence>
  <level>END</level>
  <class>com.kms.katalon.core.logging.KeywordLogger</class>
  <method>endKeyword</method>
  <thread>1</thread>
  <message>End action : Statement - util.exportExcel.craeteFolder(testSuiteContext.getTestSuiteId())</message>
  <nestedLevel>1</nestedLevel>
</record>
<record>
  <date>2018-04-11T09:47:16</date>
  <millis>1523414836570</millis>
  <sequence>13</sequence>
  <level>START</level>
  <class>com.kms.katalon.core.logging.KeywordLogger</class>
  <method>startKeyword</method>
  <thread>1</thread>
  <message>Start action : Statement - rowIndex = util.exportExcel.createHeader(wb, rowIndex, sheetName)</message>
  <nestedLevel>1</nestedLevel>
  <property name="startLine">44</property>
  <property name="stepIndex">4</property>
</record>
<record>
  <date>2018-04-11T09:47:16</date>
  <millis>1523414836854</millis>
  <sequence>14</sequence>
  <level>INFO</level>
  <class>com.kms.katalon.core.logging.KeywordLogger</class>
  <method>logMessage</method>
  <thread>1</thread>
  <message>Invoke &amp;apos;com.kms.katalon.core.annotation.BeforeTestSuite&amp;apos; method: &amp;apos;CustimeListener.sampleBeforeTestSuite(...)&amp;apos; completed.</message>
  <nestedLevel>0</nestedLevel>
</record>
<record>
  <date>2018-04-11T09:47:16</date>
  <millis>1523414836855</millis>
  <sequence>15</sequence>
  <level>END</level>
  <class>com.kms.katalon.core.logging.KeywordLogger</class>
  <method>endKeyword</method>
  <thread>1</thread>
  <message>End action : Statement - rowIndex = util.exportExcel.createHeader(wb, rowIndex, sheetName)</message>
  <nestedLevel>1</nestedLevel>
</record>
<record>
  <date>2018-04-11T09:47:16</date>
  <millis>1523414836857</millis>
  <sequence>16</sequence>
  <level>END</level>
  <class>com.kms.katalon.core.logging.KeywordLogger</class>
  <method>endKeyword</method>
  <thread>1</thread>
  <message>End listener action : sampleBeforeTestSuite</message>
  <nestedLevel>0</nestedLevel>
</record>
<record>
  <date>2018-04-11T09:47:16</date>
  <millis>1523414836875</millis>
  <sequence>17</sequence>
  <level>START</level>
  <class>com.kms.katalon.core.logging.KeywordLogger</class>
  <method>startKeyword</method>
  <thread>1</thread>
  <message>Start setup action : setUp</message>
  <nestedLevel>0</nestedLevel>
  <property name="isIgnoredIfFailed">false</property>
</record>
<record>
  <date>2018-04-11T09:47:17</date>
  <millis>1523414837056</millis>
  <sequence>18</sequence>
  <level>START</level>
  <class>com.kms.katalon.core.logging.KeywordLogger</class>
  <method>startKeyword</method>
  <thread>1</thread>
  <message>Start action : common.security.login.Login.loginDefault</message>
  <nestedLevel>1</nestedLevel>
  <property name="startLine">37</property>
  <property name="stepIndex">1</property>
</record>
<record>
  <date>2018-04-11T09:47:17</date>
  <millis>1523414837329</millis>
  <sequence>19</sequence>
  <level>INFO</level>
  <class>com.kms.katalon.core.logging.KeywordLogger</class>
  <method>logMessage</method>
  <thread>1</thread>
  <message>Opening browser</message>
  <nestedLevel>0</nestedLevel>
</record>
<record>
  <date>2018-04-11T09:47:17</date>
  <millis>1523414837339</millis>
  <sequence>20</sequence>
  <level>INFO</level>
  <class>com.kms.katalon.core.logging.KeywordLogger</class>
  <method>logMessage</method>
  <thread>1</thread>
  <message>Starting &amp;apos;Firefox&amp;apos; driver</message>
  <nestedLevel>0</nestedLevel>
</record>
<record>
  <date>2018-04-11T09:47:17</date>
  <millis>1523414837408</millis>
  <sequence>21</sequence>
  <level>INFO</level>
  <class>com.kms.katalon.core.logging.KeywordLogger</class>
  <method>logMessage</method>
  <thread>1</thread>
  <message>Action delay is set to 0 seconds</message>
  <nestedLevel>0</nestedLevel>
</record>
<record>
  <date>2018-04-11T09:47:23</date>
  <millis>1523414843132</millis>
  <sequence>23</sequence>
  <level>RUN_DATA</level>
  <class>com.kms.katalon.core.logging.KeywordLogger</class>
  <method>logMessage</method>
  <thread>1</thread>
  <message>Logging run data &amp;apos;sessionId&amp;apos; with value &amp;apos;91fa2e2f-c59a-46ad-a492-c2cced163818&amp;apos;</message>
  <nestedLevel>0</nestedLevel>
  <property name="sessionId">91fa2e2f-c59a-46ad-a492-c2cced163818</property>
</record>
<record>
  <date>2018-04-11T09:47:23</date>
  <millis>1523414843159</millis>
  <sequence>24</sequence>
  <level>RUN_DATA</level>
  <class>com.kms.katalon.core.logging.KeywordLogger</class>
  <method>logMessage</method>
  <thread>1</thread>
  <message>Logging run data &amp;apos;browser&amp;apos; with value &amp;apos;Firefox 58.0&amp;apos;</message>
  <nestedLevel>0</nestedLevel>
  <property name="browser">Firefox 58.0</property>
</record>
<record>
  <date>2018-04-11T09:47:23</date>
  <millis>1523414843160</millis>
  <sequence>25</sequence>
  <level>RUN_DATA</level>
  <class>com.kms.katalon.core.logging.KeywordLogger</class>
  <method>logMessage</method>
  <thread>1</thread>
  <message>Logging run data &amp;apos;platform&amp;apos; with value &amp;apos;Windows 10&amp;apos;</message>
  <nestedLevel>0</nestedLevel>
  <property name="platform">Windows 10</property>
</record>
<record>
  <date>2018-04-11T09:47:23</date>
  <millis>1523414843162</millis>
  <sequence>26</sequence>
  <level>RUN_DATA</level>
  <class>com.kms.katalon.core.logging.KeywordLogger</class>
  <method>logMessage</method>
  <thread>1</thread>
  <message>Logging run data &amp;apos;seleniumVersion&amp;apos; with value &amp;apos;3.7.1&amp;apos;</message>
  <nestedLevel>0</nestedLevel>
  <property name="seleniumVersion">3.7.1</property>
</record>
<record>
  <date>2018-04-11T09:47:23</date>
  <millis>1523414843163</millis>
  <sequence>27</sequence>
  <level>RUN_DATA</level>
  <class>com.kms.katalon.core.logging.KeywordLogger</class>
  <method>logMessage</method>
  <thread>1</thread>
  <message>Logging run data &amp;apos;proxyInformation&amp;apos; with value &amp;apos;ProxyInformation{proxyOption=NO_PROXY, proxyServerType=HTTP, password=, proxyServerAddress=, proxyServerPort=0}&amp;apos;</message>
  <nestedLevel>0</nestedLevel>
  <property name="proxyInformation">ProxyInformation{proxyOption=NO_PROXY, proxyServerType=HTTP, password=, proxyServerAddress=, proxyServerPort=0}</property>
</record>
<record>
  <date>2018-04-11T09:47:23</date>
  <millis>1523414843165</millis>
  <sequence>28</sequence>
  <level>INFO</level>
  <class>com.kms.katalon.core.logging.KeywordLogger</class>
  <method>logMessage</method>
  <thread>1</thread>
  <message>Navigating browser to: &amp;apos;http://10.100.70.87:8080/cp_cambodia/jsp/security/initLogin.action&amp;apos;</message>
  <nestedLevel>0</nestedLevel>
</record>
<record>
  <date>2018-04-11T09:47:25</date>
  <millis>1523414845046</millis>
  <sequence>29</sequence>
  <level>PASSED</level>
  <class>com.kms.katalon.core.logging.KeywordLogger</class>
  <method>logMessage</method>
  <thread>1</thread>
  <message>Browser is opened with url: &amp;apos;http://10.100.70.87:8080/cp_cambodia/jsp/security/initLogin.action&amp;apos;</message>
  <nestedLevel>0</nestedLevel>
</record>
<record>
  <date>2018-04-11T09:47:25</date>
  <millis>1523414845074</millis>
  <sequence>30</sequence>
  <level>INFO</level>
  <class>com.kms.katalon.core.logging.KeywordLogger</class>
  <method>logMessage</method>
  <thread>1</thread>
  <message>Checking timeout</message>
  <nestedLevel>0</nestedLevel>
</record>
<record>
  <date>2018-04-11T09:47:25</date>
  <millis>1523414845447</millis>
  <sequence>31</sequence>
  <level>FAILED</level>
  <class>com.kms.katalon.core.logging.KeywordLogger</class>
  <method>logMessage</method>
  <thread>1</thread>
  <message>Unable to wait for page load (Root cause: org.openqa.selenium.WebDriverException: Failed to decode response from marionette\nBuild info: version: &amp;apos;3.7.1&amp;apos;, revision: &amp;apos;8a0099a&amp;apos;, time: &amp;apos;2017-11-06T21:07:36.161Z&amp;apos;\nSystem info: host: &amp;apos;PG-ADUL&amp;apos;, ip: &amp;apos;172.27.98.17&amp;apos;, os.name: &amp;apos;Windows 10&amp;apos;, os.arch: &amp;apos;amd64&amp;apos;, os.version: &amp;apos;10.0&amp;apos;, java.version: &amp;apos;1.8.0_102&amp;apos;\nDriver info: com.kms.katalon.core.webui.driver.firefox.CGeckoDriver\nCapabilities {acceptInsecureCerts: true, browserName: firefox, browserVersion: 58.0.2, javascriptEnabled: true, moz:accessibilityChecks: false, moz:headless: false, moz:processID: 19180, moz:profile: C:\\Users\\Admin\\AppData\\Loca..., moz:webdriverClick: true, pageLoadStrategy: normal, platform: XP, platformName: XP, platformVersion: 10.0, proxy: Proxy(direct), rotatable: false, timeouts: {implicit: 0, pageLoad: 300000, script: 30000}}\nSession ID: 91fa2e2f-c59a-46ad-a492-c2cced163818)</message>
  <nestedLevel>0</nestedLevel>
</record>
<record>
  <date>2018-04-11T09:47:25</date>
  <millis>1523414845460</millis>
  <sequence>32</sequence>
  <level>INFO</level>
  <class>com.kms.katalon.core.logging.KeywordLogger</class>
  <method>logMessage</method>
  <thread>1</thread>
  <message>Maximizing current window</message>
  <nestedLevel>0</nestedLevel>
</record>
<record>
  <date>2018-04-11T09:47:25</date>
  <millis>1523414845467</millis>
  <sequence>33</sequence>
  <level>FAILED</level>
  <class>com.kms.katalon.core.logging.KeywordLogger</class>
  <method>logMessage</method>
  <thread>1</thread>
  <message>Unable to maximize current window (Root cause: org.openqa.selenium.SessionNotCreatedException: Tried to run command without establishing a connection\nBuild info: version: &amp;apos;3.7.1&amp;apos;, revision: &amp;apos;8a0099a&amp;apos;, time: &amp;apos;2017-11-06T21:07:36.161Z&amp;apos;\nSystem info: host: &amp;apos;PG-ADUL&amp;apos;, ip: &amp;apos;172.27.98.17&amp;apos;, os.name: &amp;apos;Windows 10&amp;apos;, os.arch: &amp;apos;amd64&amp;apos;, os.version: &amp;apos;10.0&amp;apos;, java.version: &amp;apos;1.8.0_102&amp;apos;\nDriver info: com.kms.katalon.core.webui.driver.firefox.CGeckoDriver\nCapabilities {acceptInsecureCerts: true, browserName: firefox, browserVersion: 58.0.2, javascriptEnabled: true, moz:accessibilityChecks: false, moz:headless: false, moz:processID: 19180, moz:profile: C:\\Users\\Admin\\AppData\\Loca..., moz:webdriverClick: true, pageLoadStrategy: normal, platform: XP, platformName: XP, platformVersion: 10.0, proxy: Proxy(direct), rotatable: false, timeouts: {implicit: 0, pageLoad: 300000, script: 30000}}\nSession ID: 91fa2e2f-c59a-46ad-a492-c2cced163818)</message>
  <nestedLevel>0</nestedLevel>
</record>
<record>
  <date>2018-04-11T09:47:25</date>
  <millis>1523414845471</millis>
  <sequence>34</sequence>
  <level>INFO</level>
  <class>com.kms.katalon.core.logging.KeywordLogger</class>
  <method>logMessage</method>
  <thread>1</thread>
  <message>Finding Test Object with id &amp;apos;Object Repository/security/login/login/input_carrierCode&amp;apos;</message>
  <nestedLevel>0</nestedLevel>
</record>
<record>
  <date>2018-04-11T09:47:25</date>
  <millis>1523414845615</millis>
  <sequence>35</sequence>
  <level>INFO</level>
  <class>com.kms.katalon.core.logging.KeywordLogger</class>
  <method>logMessage</method>
  <thread>1</thread>
  <message>Checking object</message>
  <nestedLevel>0</nestedLevel>
</record>
<record>
  <date>2018-04-11T09:47:25</date>
  <millis>1523414845616</millis>
  <sequence>36</sequence>
  <level>INFO</level>
  <class>com.kms.katalon.core.logging.KeywordLogger</class>
  <method>logMessage</method>
  <thread>1</thread>
  <message>Checking text</message>
  <nestedLevel>0</nestedLevel>
</record>
<record>
  <date>2018-04-11T09:47:25</date>
  <millis>1523414845618</millis>
  <sequence>37</sequence>
  <level>INFO</level>
  <class>com.kms.katalon.core.logging.KeywordLogger</class>
  <method>logMessage</method>
  <thread>1</thread>
  <message>Checking timeout</message>
  <nestedLevel>0</nestedLevel>
</record>
<record>
  <date>2018-04-11T09:47:25</date>
  <millis>1523414845631</millis>
  <sequence>38</sequence>
  <level>INFO</level>
  <class>com.kms.katalon.core.logging.KeywordLogger</class>
  <method>logMessage</method>
  <thread>1</thread>
  <message>Finding web element with id: &amp;apos;Object Repository/security/login/login/input_carrierCode&amp;apos; located by &amp;apos;By.xpath: //input[@name = &amp;apos;carrierCode&amp;apos; and @id = &amp;apos;loginForm_carrierCode&amp;apos; and @type = &amp;apos;text&amp;apos;]&amp;apos; in &amp;apos;30&amp;apos; second(s)</message>
  <nestedLevel>0</nestedLevel>
</record>
<record>
  <date>2018-04-11T09:47:25</date>
  <millis>1523414845638</millis>
  <sequence>39</sequence>
  <level>FAILED</level>
  <class>com.kms.katalon.core.logging.KeywordLogger</class>
  <method>logMessage</method>
  <thread>1</thread>
  <message>Unable to set text &amp;apos;N01&amp;apos; of object &amp;apos;Object Repository/security/login/login/input_carrierCode&amp;apos; (Root cause: org.openqa.selenium.SessionNotCreatedException: Tried to run command without establishing a connection\nBuild info: version: &amp;apos;3.7.1&amp;apos;, revision: &amp;apos;8a0099a&amp;apos;, time: &amp;apos;2017-11-06T21:07:36.161Z&amp;apos;\nSystem info: host: &amp;apos;PG-ADUL&amp;apos;, ip: &amp;apos;172.27.98.17&amp;apos;, os.name: &amp;apos;Windows 10&amp;apos;, os.arch: &amp;apos;amd64&amp;apos;, os.version: &amp;apos;10.0&amp;apos;, java.version: &amp;apos;1.8.0_102&amp;apos;\nDriver info: com.kms.katalon.core.webui.driver.firefox.CGeckoDriver\nCapabilities {acceptInsecureCerts: true, browserName: firefox, browserVersion: 58.0.2, javascriptEnabled: true, moz:accessibilityChecks: false, moz:headless: false, moz:processID: 19180, moz:profile: C:\\Users\\Admin\\AppData\\Loca..., moz:webdriverClick: true, pageLoadStrategy: normal, platform: XP, platformName: XP, platformVersion: 10.0, proxy: Proxy(direct), rotatable: false, timeouts: {implicit: 0, pageLoad: 300000, script: 30000}}\nSession ID: 91fa2e2f-c59a-46ad-a492-c2cced163818\n*** Element info: {Using=xpath, value=//input[@name = &amp;apos;carrierCode&amp;apos; and @id = &amp;apos;loginForm_carrierCode&amp;apos; and @type = &amp;apos;text&amp;apos;]})</message>
  <nestedLevel>0</nestedLevel>
</record>
<record>
  <date>2018-04-11T09:47:25</date>
  <millis>1523414845639</millis>
  <sequence>40</sequence>
  <level>INFO</level>
  <class>com.kms.katalon.core.logging.KeywordLogger</class>
  <method>logMessage</method>
  <thread>1</thread>
  <message>Finding Test Object with id &amp;apos;Object Repository/security/login/login/input_username&amp;apos;</message>
  <nestedLevel>0</nestedLevel>
</record>
<record>
  <date>2018-04-11T09:47:25</date>
  <millis>1523414845644</millis>
  <sequence>41</sequence>
  <level>INFO</level>
  <class>com.kms.katalon.core.logging.KeywordLogger</class>
  <method>logMessage</method>
  <thread>1</thread>
  <message>Checking object</message>
  <nestedLevel>0</nestedLevel>
</record>
<record>
  <date>2018-04-11T09:47:25</date>
  <millis>1523414845645</millis>
  <sequence>42</sequence>
  <level>INFO</level>
  <class>com.kms.katalon.core.logging.KeywordLogger</class>
  <method>logMessage</method>
  <thread>1</thread>
  <message>Checking text</message>
  <nestedLevel>0</nestedLevel>
</record>
<record>
  <date>2018-04-11T09:47:25</date>
  <millis>1523414845646</millis>
  <sequence>43</sequence>
  <level>INFO</level>
  <class>com.kms.katalon.core.logging.KeywordLogger</class>
  <method>logMessage</method>
  <thread>1</thread>
  <message>Checking timeout</message>
  <nestedLevel>0</nestedLevel>
</record>
<record>
  <date>2018-04-11T09:47:25</date>
  <millis>1523414845647</millis>
  <sequence>44</sequence>
  <level>INFO</level>
  <class>com.kms.katalon.core.logging.KeywordLogger</class>
  <method>logMessage</method>
  <thread>1</thread>
  <message>Finding web element with id: &amp;apos;Object Repository/security/login/login/input_username&amp;apos; located by &amp;apos;By.xpath: //input[@name = &amp;apos;username&amp;apos; and @id = &amp;apos;loginForm_username&amp;apos; and @type = &amp;apos;text&amp;apos;]&amp;apos; in &amp;apos;30&amp;apos; second(s)</message>
  <nestedLevel>0</nestedLevel>
</record>
<record>
  <date>2018-04-11T09:47:25</date>
  <millis>1523414845654</millis>
  <sequence>45</sequence>
  <level>FAILED</level>
  <class>com.kms.katalon.core.logging.KeywordLogger</class>
  <method>logMessage</method>
  <thread>1</thread>
  <message>Unable to set text &amp;apos;N01001&amp;apos; of object &amp;apos;Object Repository/security/login/login/input_username&amp;apos; (Root cause: org.openqa.selenium.SessionNotCreatedException: Tried to run command without establishing a connection\nBuild info: version: &amp;apos;3.7.1&amp;apos;, revision: &amp;apos;8a0099a&amp;apos;, time: &amp;apos;2017-11-06T21:07:36.161Z&amp;apos;\nSystem info: host: &amp;apos;PG-ADUL&amp;apos;, ip: &amp;apos;172.27.98.17&amp;apos;, os.name: &amp;apos;Windows 10&amp;apos;, os.arch: &amp;apos;amd64&amp;apos;, os.version: &amp;apos;10.0&amp;apos;, java.version: &amp;apos;1.8.0_102&amp;apos;\nDriver info: com.kms.katalon.core.webui.driver.firefox.CGeckoDriver\nCapabilities {acceptInsecureCerts: true, browserName: firefox, browserVersion: 58.0.2, javascriptEnabled: true, moz:accessibilityChecks: false, moz:headless: false, moz:processID: 19180, moz:profile: C:\\Users\\Admin\\AppData\\Loca..., moz:webdriverClick: true, pageLoadStrategy: normal, platform: XP, platformName: XP, platformVersion: 10.0, proxy: Proxy(direct), rotatable: false, timeouts: {implicit: 0, pageLoad: 300000, script: 30000}}\nSession ID: 91fa2e2f-c59a-46ad-a492-c2cced163818\n*** Element info: {Using=xpath, value=//input[@name = &amp;apos;username&amp;apos; and @id = &amp;apos;loginForm_username&amp;apos; and @type = &amp;apos;text&amp;apos;]})</message>
  <nestedLevel>0</nestedLevel>
</record>
<record>
  <date>2018-04-11T09:47:25</date>
  <millis>1523414845655</millis>
  <sequence>46</sequence>
  <level>INFO</level>
  <class>com.kms.katalon.core.logging.KeywordLogger</class>
  <method>logMessage</method>
  <thread>1</thread>
  <message>Finding Test Object with id &amp;apos;Object Repository/security/login/login/input_password&amp;apos;</message>
  <nestedLevel>0</nestedLevel>
</record>
<record>
  <date>2018-04-11T09:47:25</date>
  <millis>1523414845663</millis>
  <sequence>47</sequence>
  <level>INFO</level>
  <class>com.kms.katalon.core.logging.KeywordLogger</class>
  <method>logMessage</method>
  <thread>1</thread>
  <message>Checking object</message>
  <nestedLevel>0</nestedLevel>
</record>
<record>
  <date>2018-04-11T09:47:25</date>
  <millis>1523414845664</millis>
  <sequence>48</sequence>
  <level>INFO</level>
  <class>com.kms.katalon.core.logging.KeywordLogger</class>
  <method>logMessage</method>
  <thread>1</thread>
  <message>Checking text</message>
  <nestedLevel>0</nestedLevel>
</record>
<record>
  <date>2018-04-11T09:47:25</date>
  <millis>1523414845666</millis>
  <sequence>49</sequence>
  <level>INFO</level>
  <class>com.kms.katalon.core.logging.KeywordLogger</class>
  <method>logMessage</method>
  <thread>1</thread>
  <message>Checking timeout</message>
  <nestedLevel>0</nestedLevel>
</record>
<record>
  <date>2018-04-11T09:47:25</date>
  <millis>1523414845668</millis>
  <sequence>50</sequence>
  <level>INFO</level>
  <class>com.kms.katalon.core.logging.KeywordLogger</class>
  <method>logMessage</method>
  <thread>1</thread>
  <message>Finding web element with id: &amp;apos;Object Repository/security/login/login/input_password&amp;apos; located by &amp;apos;By.xpath: //input[@name = &amp;apos;password&amp;apos; and @id = &amp;apos;loginForm_password&amp;apos; and @type = &amp;apos;password&amp;apos;]&amp;apos; in &amp;apos;30&amp;apos; second(s)</message>
  <nestedLevel>0</nestedLevel>
</record>
<record>
  <date>2018-04-11T09:47:25</date>
  <millis>1523414845678</millis>
  <sequence>51</sequence>
  <level>FAILED</level>
  <class>com.kms.katalon.core.logging.KeywordLogger</class>
  <method>logMessage</method>
  <thread>1</thread>
  <message>Unable to set text &amp;apos;Nn@1234&amp;apos; of object &amp;apos;Object Repository/security/login/login/input_password&amp;apos; (Root cause: org.openqa.selenium.SessionNotCreatedException: Tried to run command without establishing a connection\nBuild info: version: &amp;apos;3.7.1&amp;apos;, revision: &amp;apos;8a0099a&amp;apos;, time: &amp;apos;2017-11-06T21:07:36.161Z&amp;apos;\nSystem info: host: &amp;apos;PG-ADUL&amp;apos;, ip: &amp;apos;172.27.98.17&amp;apos;, os.name: &amp;apos;Windows 10&amp;apos;, os.arch: &amp;apos;amd64&amp;apos;, os.version: &amp;apos;10.0&amp;apos;, java.version: &amp;apos;1.8.0_102&amp;apos;\nDriver info: com.kms.katalon.core.webui.driver.firefox.CGeckoDriver\nCapabilities {acceptInsecureCerts: true, browserName: firefox, browserVersion: 58.0.2, javascriptEnabled: true, moz:accessibilityChecks: false, moz:headless: false, moz:processID: 19180, moz:profile: C:\\Users\\Admin\\AppData\\Loca..., moz:webdriverClick: true, pageLoadStrategy: normal, platform: XP, platformName: XP, platformVersion: 10.0, proxy: Proxy(direct), rotatable: false, timeouts: {implicit: 0, pageLoad: 300000, script: 30000}}\nSession ID: 91fa2e2f-c59a-46ad-a492-c2cced163818\n*** Element info: {Using=xpath, value=//input[@name = &amp;apos;password&amp;apos; and @id = &amp;apos;loginForm_password&amp;apos; and @type = &amp;apos;password&amp;apos;]})</message>
  <nestedLevel>0</nestedLevel>
</record>
<record>
  <date>2018-04-11T09:47:25</date>
  <millis>1523414845679</millis>
  <sequence>52</sequence>
  <level>INFO</level>
  <class>com.kms.katalon.core.logging.KeywordLogger</class>
  <method>logMessage</method>
  <thread>1</thread>
  <message>Finding Test Object with id &amp;apos;Object Repository/security/login/login/button_Log-in&amp;apos;</message>
  <nestedLevel>0</nestedLevel>
</record>
<record>
  <date>2018-04-11T09:47:25</date>
  <millis>1523414845695</millis>
  <sequence>53</sequence>
  <level>INFO</level>
  <class>com.kms.katalon.core.logging.KeywordLogger</class>
  <method>logMessage</method>
  <thread>1</thread>
  <message>Checking object</message>
  <nestedLevel>0</nestedLevel>
</record>
<record>
  <date>2018-04-11T09:47:25</date>
  <millis>1523414845696</millis>
  <sequence>54</sequence>
  <level>INFO</level>
  <class>com.kms.katalon.core.logging.KeywordLogger</class>
  <method>logMessage</method>
  <thread>1</thread>
  <message>Checking timeout</message>
  <nestedLevel>0</nestedLevel>
</record>
<record>
  <date>2018-04-11T09:47:25</date>
  <millis>1523414845697</millis>
  <sequence>55</sequence>
  <level>INFO</level>
  <class>com.kms.katalon.core.logging.KeywordLogger</class>
  <method>logMessage</method>
  <thread>1</thread>
  <message>Finding web element with id: &amp;apos;Object Repository/security/login/login/button_Log-in&amp;apos; located by &amp;apos;By.xpath: //button[@id = &amp;apos;btnLogin&amp;apos; and @type = &amp;apos;button&amp;apos; and (text() = &amp;apos;\n\t\t\t\t\t\t\t\t\n\t\t\t\t\t\t\t\tLog-in\n\t\t\t\t\t\t\t&amp;apos; or . = &amp;apos;\n\t\t\t\t\t\t\t\t\n\t\t\t\t\t\t\t\tLog-in\n\t\t\t\t\t\t\t&amp;apos;)]&amp;apos; in &amp;apos;30&amp;apos; second(s)</message>
  <nestedLevel>0</nestedLevel>
</record>
<record>
  <date>2018-04-11T09:47:25</date>
  <millis>1523414845704</millis>
  <sequence>56</sequence>
  <level>FAILED</level>
  <class>com.kms.katalon.core.logging.KeywordLogger</class>
  <method>logMessage</method>
  <thread>1</thread>
  <message>Unable to click on object &amp;apos;Object Repository/security/login/login/button_Log-in&amp;apos; (Root cause: org.openqa.selenium.SessionNotCreatedException: Tried to run command without establishing a connection\nBuild info: version: &amp;apos;3.7.1&amp;apos;, revision: &amp;apos;8a0099a&amp;apos;, time: &amp;apos;2017-11-06T21:07:36.161Z&amp;apos;\nSystem info: host: &amp;apos;PG-ADUL&amp;apos;, ip: &amp;apos;172.27.98.17&amp;apos;, os.name: &amp;apos;Windows 10&amp;apos;, os.arch: &amp;apos;amd64&amp;apos;, os.version: &amp;apos;10.0&amp;apos;, java.version: &amp;apos;1.8.0_102&amp;apos;\nDriver info: com.kms.katalon.core.webui.driver.firefox.CGeckoDriver\nCapabilities {acceptInsecureCerts: true, browserName: firefox, browserVersion: 58.0.2, javascriptEnabled: true, moz:accessibilityChecks: false, moz:headless: false, moz:processID: 19180, moz:profile: C:\\Users\\Admin\\AppData\\Loca..., moz:webdriverClick: true, pageLoadStrategy: normal, platform: XP, platformName: XP, platformVersion: 10.0, proxy: Proxy(direct), rotatable: false, timeouts: {implicit: 0, pageLoad: 300000, script: 30000}}\nSession ID: 91fa2e2f-c59a-46ad-a492-c2cced163818\n*** Element info: {Using=xpath, value=//button[@id = &amp;apos;btnLogin&amp;apos; and @type = &amp;apos;button&amp;apos; and (text() = &amp;apos;\n\t\t\t\t\t\t\t\t\n\t\t\t\t\t\t\t\tLog-in\n\t\t\t\t\t\t\t&amp;apos; or . = &amp;apos;\n\t\t\t\t\t\t\t\t\n\t\t\t\t\t\t\t\tLog-in\n\t\t\t\t\t\t\t&amp;apos;)]})</message>
  <nestedLevel>0</nestedLevel>
</record>
<record>
  <date>2018-04-11T09:47:25</date>
  <millis>1523414845729</millis>
  <sequence>57</sequence>
  <level>INFO</level>
  <class>com.kms.katalon.core.logging.KeywordLogger</class>
  <method>logMessage</method>
  <thread>1</thread>
  <message>Delaying browser in 1 second(s)</message>
  <nestedLevel>0</nestedLevel>
</record>
<record>
  <date>2018-04-11T09:47:26</date>
  <millis>1523414846731</millis>
  <sequence>58</sequence>
  <level>PASSED</level>
  <class>com.kms.katalon.core.logging.KeywordLogger</class>
  <method>logMessage</method>
  <thread>1</thread>
  <message>Delayed 1 second(s)</message>
  <nestedLevel>0</nestedLevel>
</record>
<record>
  <date>2018-04-11T09:47:26</date>
  <millis>1523414846734</millis>
  <sequence>59</sequence>
  <level>FAILED</level>
  <class>com.kms.katalon.core.logging.KeywordLogger</class>
  <method>logMessage</method>
  <thread>1</thread>
  <message>Unable to wait for page load (Root cause: org.openqa.selenium.WebDriverException: Failed to decode response from marionette\nBuild info: version: &amp;apos;3.7.1&amp;apos;, revision: &amp;apos;8a0099a&amp;apos;, time: &amp;apos;2017-11-06T21:07:36.161Z&amp;apos;\nSystem info: host: &amp;apos;PG-ADUL&amp;apos;, ip: &amp;apos;172.27.98.17&amp;apos;, os.name: &amp;apos;Windows 10&amp;apos;, os.arch: &amp;apos;amd64&amp;apos;, os.version: &amp;apos;10.0&amp;apos;, java.version: &amp;apos;1.8.0_102&amp;apos;\nDriver info: com.kms.katalon.core.webui.driver.firefox.CGeckoDriver\nCapabilities {acceptInsecureCerts: true, browserName: firefox, browserVersion: 58.0.2, javascriptEnabled: true, moz:accessibilityChecks: false, moz:headless: false, moz:processID: 19180, moz:profile: C:\\Users\\Admin\\AppData\\Loca..., moz:webdriverClick: true, pageLoadStrategy: normal, platform: XP, platformName: XP, platformVersion: 10.0, proxy: Proxy(direct), rotatable: false, timeouts: {implicit: 0, pageLoad: 300000, script: 30000}}\nSession ID: 91fa2e2f-c59a-46ad-a492-c2cced163818)</message>
  <nestedLevel>0</nestedLevel>
</record>
<record>
  <date>2018-04-11T09:47:26</date>
  <millis>1523414846738</millis>
  <sequence>60</sequence>
  <level>END</level>
  <class>com.kms.katalon.core.logging.KeywordLogger</class>
  <method>endKeyword</method>
  <thread>1</thread>
  <message>End action : common.security.login.Login.loginDefault</message>
  <nestedLevel>1</nestedLevel>
</record>
<record>
  <date>2018-04-11T09:47:26</date>
  <millis>1523414846742</millis>
  <sequence>61</sequence>
  <level>ERROR</level>
  <class>com.kms.katalon.core.logging.KeywordLogger</class>
  <method>logMessage</method>
  <thread>1</thread>
  <message>Unable to wait for page load (Root cause: org.openqa.selenium.WebDriverException: Failed to decode response from marionette\nBuild info: version: &amp;apos;3.7.1&amp;apos;, revision: &amp;apos;8a0099a&amp;apos;, time: &amp;apos;2017-11-06T21:07:36.161Z&amp;apos;\nSystem info: host: &amp;apos;PG-ADUL&amp;apos;, ip: &amp;apos;172.27.98.17&amp;apos;, os.name: &amp;apos;Windows 10&amp;apos;, os.arch: &amp;apos;amd64&amp;apos;, os.version: &amp;apos;10.0&amp;apos;, java.version: &amp;apos;1.8.0_102&amp;apos;\nDriver info: com.kms.katalon.core.webui.driver.firefox.CGeckoDriver\nCapabilities {acceptInsecureCerts: true, browserName: firefox, browserVersion: 58.0.2, javascriptEnabled: true, moz:accessibilityChecks: false, moz:headless: false, moz:processID: 19180, moz:profile: C:\\Users\\Admin\\AppData\\Loca..., moz:webdriverClick: true, pageLoadStrategy: normal, platform: XP, platformName: XP, platformVersion: 10.0, proxy: Proxy(direct), rotatable: false, timeouts: {implicit: 0, pageLoad: 300000, script: 30000}}\nSession ID: 91fa2e2f-c59a-46ad-a492-c2cced163818)</message>
  <nestedLevel>0</nestedLevel>
</record>
<record>
  <date>2018-04-11T09:47:26</date>
  <millis>1523414846746</millis>
  <sequence>62</sequence>
  <level>END</level>
  <class>com.kms.katalon.core.logging.KeywordLogger</class>
  <method>endKeyword</method>
  <thread>1</thread>
  <message>End End action : setUp</message>
  <nestedLevel>0</nestedLevel>
</record>
<record>
  <date>2018-04-11T09:47:26</date>
  <millis>1523414846749</millis>
  <sequence>63</sequence>
  <level>START</level>
  <class>com.kms.katalon.core.logging.KeywordLogger</class>
  <method>startKeyword</method>
  <thread>1</thread>
  <message>Start listener action : sampleAfterTestSuite</message>
  <nestedLevel>0</nestedLevel>
</record>
<record>
  <date>2018-04-11T09:47:26</date>
  <millis>1523414846754</millis>
  <sequence>64</sequence>
  <level>INFO</level>
  <class>com.kms.katalon.core.logging.KeywordLogger</class>
  <method>logMessage</method>
  <thread>1</thread>
  <message>Starting invoke &amp;apos;com.kms.katalon.core.annotation.AfterTestSuite&amp;apos; method: &amp;apos;CustimeListener.sampleAfterTestSuite(...)&amp;apos;</message>
  <nestedLevel>0</nestedLevel>
</record>
<record>
  <date>2018-04-11T09:47:26</date>
  <millis>1523414846758</millis>
  <sequence>65</sequence>
  <level>START</level>
  <class>com.kms.katalon.core.logging.KeywordLogger</class>
  <method>startKeyword</method>
  <thread>1</thread>
  <message>Start action : Statement - util.exportExcel.export(wb, testSuiteContext.getTestSuiteId())</message>
  <nestedLevel>1</nestedLevel>
  <property name="startLine">71</property>
  <property name="stepIndex">1</property>
</record>
<record>
  <date>2018-04-11T09:47:26</date>
  <millis>1523414846877</millis>
  <sequence>66</sequence>
  <level>INFO</level>
  <class>com.kms.katalon.core.logging.KeywordLogger</class>
  <method>logMessage</method>
  <thread>1</thread>
  <message>Invoke &amp;apos;com.kms.katalon.core.annotation.AfterTestSuite&amp;apos; method: &amp;apos;CustimeListener.sampleAfterTestSuite(...)&amp;apos; completed.</message>
  <nestedLevel>0</nestedLevel>
</record>
<record>
  <date>2018-04-11T09:47:26</date>
  <millis>1523414846878</millis>
  <sequence>67</sequence>
  <level>END</level>
  <class>com.kms.katalon.core.logging.KeywordLogger</class>
  <method>endKeyword</method>
  <thread>1</thread>
  <message>End action : Statement - util.exportExcel.export(wb, testSuiteContext.getTestSuiteId())</message>
  <nestedLevel>1</nestedLevel>
</record>
<record>
  <date>2018-04-11T09:47:26</date>
  <millis>1523414846879</millis>
  <sequence>68</sequence>
  <level>END</level>
  <class>com.kms.katalon.core.logging.KeywordLogger</class>
  <method>endKeyword</method>
  <thread>1</thread>
  <message>End listener action : sampleAfterTestSuite</message>
  <nestedLevel>0</nestedLevel>
</record>
</log>
